The system is: Linux - 5.15.0-105-generic - x86_64
Compiling the C compiler identification source file "CMakeCCompilerId.c" succeeded.
Compiler: /opt/Mrc3588/gcc-linaro-7.5.0-2019.12-x86_64_aarch64-linux-gnu/bin/aarch64-linux-gnu-gcc 
Build flags: 
Id flags:  

The output was:
0


Compilation of the C compiler identification source "CMakeCCompilerId.c" produced "a.out"

The C compiler identification is GNU, found in "/home/sft/test_new/MappingNavigation_3.0.4test/build/CMakeFiles/3.16.3/CompilerIdC/a.out"

Compiling the CXX compiler identification source file "CMakeCXXCompilerId.cpp" succeeded.
Compiler: /opt/Mrc3588/gcc-linaro-7.5.0-2019.12-x86_64_aarch64-linux-gnu/bin/aarch64-linux-gnu-g++ 
Build flags: 
Id flags:  

The output was:
0


Compilation of the CXX compiler identification source "CMakeCXXCompilerId.cpp" produced "a.out"

The CXX compiler identification is GNU, found in "/home/sft/test_new/MappingNavigation_3.0.4test/build/CMakeFiles/3.16.3/CompilerIdCXX/a.out"

Determining if the C compiler works passed with the following output:
Change Dir: /home/sft/test_new/MappingNavigation_3.0.4test/build/CMakeFiles/CMakeTmp

Run Build Command(s):/usr/bin/ninja cmTC_1a3ba && [1/2] Building C object CMakeFiles/cmTC_1a3ba.dir/testCCompiler.c.o
[2/2] Linking C executable cmTC_1a3ba



Detecting C compiler ABI info compiled with the following output:
Change Dir: /home/sft/test_new/MappingNavigation_3.0.4test/build/CMakeFiles/CMakeTmp

Run Build Command(s):/usr/bin/ninja cmTC_e11ce && [1/2] Building C object CMakeFiles/cmTC_e11ce.dir/CMakeCCompilerABI.c.o
Using built-in specs.
COLLECT_GCC=/opt/Mrc3588/gcc-linaro-7.5.0-2019.12-x86_64_aarch64-linux-gnu/bin/aarch64-linux-gnu-gcc
Target: aarch64-linux-gnu
Configured with: '/home/tcwg-buildslave/workspace/tcwg-make-release_0/snapshots/gcc.git~linaro-7.5-2019.12/configure' SHELL=/bin/bash --with-mpc=/home/tcwg-buildslave/workspace/tcwg-make-release_0/_build/builds/destdir/x86_64-unknown-linux-gnu --with-mpfr=/home/tcwg-buildslave/workspace/tcwg-make-release_0/_build/builds/destdir/x86_64-unknown-linux-gnu --with-gmp=/home/tcwg-buildslave/workspace/tcwg-make-release_0/_build/builds/destdir/x86_64-unknown-linux-gnu --with-gnu-as --with-gnu-ld --disable-libmudflap --enable-lto --enable-shared --without-included-gettext --enable-nls --with-system-zlib --disable-sjlj-exceptions --enable-gnu-unique-object --enable-linker-build-id --disable-libstdcxx-pch --enable-c99 --enable-clocale=gnu --enable-libstdcxx-debug --enable-long-long --with-cloog=no --with-ppl=no --with-isl=no --disable-multilib --enable-fix-cortex-a53-835769 --enable-fix-cortex-a53-843419 --with-arch=armv8-a --enable-threads=posix --enable-multiarch --enable-libstdcxx-time=yes --enable-gnu-indirect-function --with-build-sysroot=/home/tcwg-buildslave/workspace/tcwg-make-release_0/_build/sysroots/aarch64-linux-gnu --with-sysroot=/home/tcwg-buildslave/workspace/tcwg-make-release_0/_build/builds/destdir/x86_64-unknown-linux-gnu/aarch64-linux-gnu/libc --enable-checking=release --disable-bootstrap --enable-languages=c,c++,fortran,lto --build=x86_64-unknown-linux-gnu --host=x86_64-unknown-linux-gnu --target=aarch64-linux-gnu --prefix=/home/tcwg-buildslave/workspace/tcwg-make-release_0/_build/builds/destdir/x86_64-unknown-linux-gnu
Thread model: posix
gcc version 7.5.0 (Linaro GCC 7.5-2019.12) 
COLLECT_GCC_OPTIONS='-v' '-o' 'CMakeFiles/cmTC_e11ce.dir/CMakeCCompilerABI.c.o' '-c' '-march=armv8-a' '-mlittle-endian' '-mabi=lp64'
 /opt/Mrc3588/gcc-linaro-7.5.0-2019.12-x86_64_aarch64-linux-gnu/bin/../libexec/gcc/aarch64-linux-gnu/7.5.0/cc1 -quiet -v -imultiarch aarch64-linux-gnu -iprefix /opt/Mrc3588/gcc-linaro-7.5.0-2019.12-x86_64_aarch64-linux-gnu/bin/../lib/gcc/aarch64-linux-gnu/7.5.0/ -isysroot /opt/Mrc3588/gcc-linaro-7.5.0-2019.12-x86_64_aarch64-linux-gnu/bin/../aarch64-linux-gnu/libc /usr/share/cmake-3.16/Modules/CMakeCCompilerABI.c -quiet -dumpbase CMakeCCompilerABI.c -march=armv8-a -mlittle-endian -mabi=lp64 -auxbase-strip CMakeFiles/cmTC_e11ce.dir/CMakeCCompilerABI.c.o -version -o /tmp/cccndCz0.s
GNU C11 (Linaro GCC 7.5-2019.12) version 7.5.0 (aarch64-linux-gnu)
	compiled by GNU C version 4.8.4, GMP version 6.1.2, MPFR version 3.1.5, MPC version 1.0.3, isl version none
GGC heuristics: --param ggc-min-expand=100 --param ggc-min-heapsize=131072
ignoring duplicate directory "/opt/Mrc3588/gcc-linaro-7.5.0-2019.12-x86_64_aarch64-linux-gnu/bin/../lib/gcc/../../lib/gcc/aarch64-linux-gnu/7.5.0/include"
ignoring nonexistent directory "/opt/Mrc3588/gcc-linaro-7.5.0-2019.12-x86_64_aarch64-linux-gnu/bin/../aarch64-linux-gnu/libc/usr/local/include/aarch64-linux-gnu"
ignoring nonexistent directory "/opt/Mrc3588/gcc-linaro-7.5.0-2019.12-x86_64_aarch64-linux-gnu/bin/../aarch64-linux-gnu/libc/usr/local/include"
ignoring duplicate directory "/opt/Mrc3588/gcc-linaro-7.5.0-2019.12-x86_64_aarch64-linux-gnu/bin/../lib/gcc/../../lib/gcc/aarch64-linux-gnu/7.5.0/include-fixed"
ignoring duplicate directory "/opt/Mrc3588/gcc-linaro-7.5.0-2019.12-x86_64_aarch64-linux-gnu/bin/../lib/gcc/../../lib/gcc/aarch64-linux-gnu/7.5.0/../../../../aarch64-linux-gnu/include"
ignoring nonexistent directory "/opt/Mrc3588/gcc-linaro-7.5.0-2019.12-x86_64_aarch64-linux-gnu/bin/../aarch64-linux-gnu/libc/usr/include/aarch64-linux-gnu"
#include "..." search starts here:
#include <...> search starts here:
 /opt/Mrc3588/gcc-linaro-7.5.0-2019.12-x86_64_aarch64-linux-gnu/bin/../lib/gcc/aarch64-linux-gnu/7.5.0/include
 /opt/Mrc3588/gcc-linaro-7.5.0-2019.12-x86_64_aarch64-linux-gnu/bin/../lib/gcc/aarch64-linux-gnu/7.5.0/include-fixed
 /opt/Mrc3588/gcc-linaro-7.5.0-2019.12-x86_64_aarch64-linux-gnu/bin/../lib/gcc/aarch64-linux-gnu/7.5.0/../../../../aarch64-linux-gnu/include
 /opt/Mrc3588/gcc-linaro-7.5.0-2019.12-x86_64_aarch64-linux-gnu/bin/../aarch64-linux-gnu/libc/usr/include
End of search list.
GNU C11 (Linaro GCC 7.5-2019.12) version 7.5.0 (aarch64-linux-gnu)
	compiled by GNU C version 4.8.4, GMP version 6.1.2, MPFR version 3.1.5, MPC version 1.0.3, isl version none
GGC heuristics: --param ggc-min-expand=100 --param ggc-min-heapsize=131072
Compiler executable checksum: 5d0f5ce72c62ffb599b2a09a116fcf39
COLLECT_GCC_OPTIONS='-v' '-o' 'CMakeFiles/cmTC_e11ce.dir/CMakeCCompilerABI.c.o' '-c' '-march=armv8-a' '-mlittle-endian' '-mabi=lp64'
 /opt/Mrc3588/gcc-linaro-7.5.0-2019.12-x86_64_aarch64-linux-gnu/bin/../lib/gcc/aarch64-linux-gnu/7.5.0/../../../../aarch64-linux-gnu/bin/as -v -EL -march=armv8-a -mabi=lp64 -o CMakeFiles/cmTC_e11ce.dir/CMakeCCompilerABI.c.o /tmp/cccndCz0.s
GNU assembler version 2.28.2 (aarch64-linux-gnu) using BFD version (Linaro_Binutils-2019.12) 2.28.2.20170706
COMPILER_PATH=/opt/Mrc3588/gcc-linaro-7.5.0-2019.12-x86_64_aarch64-linux-gnu/bin/../libexec/gcc/aarch64-linux-gnu/7.5.0/:/opt/Mrc3588/gcc-linaro-7.5.0-2019.12-x86_64_aarch64-linux-gnu/bin/../libexec/gcc/aarch64-linux-gnu/:/opt/Mrc3588/gcc-linaro-7.5.0-2019.12-x86_64_aarch64-linux-gnu/bin/../libexec/gcc/:/opt/Mrc3588/gcc-linaro-7.5.0-2019.12-x86_64_aarch64-linux-gnu/bin/../lib/gcc/aarch64-linux-gnu/7.5.0/../../../../aarch64-linux-gnu/bin/
LIBRARY_PATH=/opt/Mrc3588/gcc-linaro-7.5.0-2019.12-x86_64_aarch64-linux-gnu/bin/../lib/gcc/aarch64-linux-gnu/7.5.0/:/opt/Mrc3588/gcc-linaro-7.5.0-2019.12-x86_64_aarch64-linux-gnu/bin/../lib/gcc/aarch64-linux-gnu/:/opt/Mrc3588/gcc-linaro-7.5.0-2019.12-x86_64_aarch64-linux-gnu/bin/../lib/gcc/:/opt/Mrc3588/gcc-linaro-7.5.0-2019.12-x86_64_aarch64-linux-gnu/bin/../lib/gcc/aarch64-linux-gnu/7.5.0/../../../../aarch64-linux-gnu/lib/../lib64/:/opt/Mrc3588/gcc-linaro-7.5.0-2019.12-x86_64_aarch64-linux-gnu/bin/../lib/gcc/aarch64-linux-gnu/7.5.0/../../../../aarch64-linux-gnu/lib/:/opt/Mrc3588/gcc-linaro-7.5.0-2019.12-x86_64_aarch64-linux-gnu/bin/../aarch64-linux-gnu/libc/lib/:/opt/Mrc3588/gcc-linaro-7.5.0-2019.12-x86_64_aarch64-linux-gnu/bin/../aarch64-linux-gnu/libc/usr/lib/
COLLECT_GCC_OPTIONS='-v' '-o' 'CMakeFiles/cmTC_e11ce.dir/CMakeCCompilerABI.c.o' '-c' '-march=armv8-a' '-mlittle-endian' '-mabi=lp64'
[2/2] Linking C executable cmTC_e11ce
Using built-in specs.
COLLECT_GCC=/opt/Mrc3588/gcc-linaro-7.5.0-2019.12-x86_64_aarch64-linux-gnu/bin/aarch64-linux-gnu-gcc
COLLECT_LTO_WRAPPER=/opt/Mrc3588/gcc-linaro-7.5.0-2019.12-x86_64_aarch64-linux-gnu/bin/../libexec/gcc/aarch64-linux-gnu/7.5.0/lto-wrapper
Target: aarch64-linux-gnu
Configured with: '/home/tcwg-buildslave/workspace/tcwg-make-release_0/snapshots/gcc.git~linaro-7.5-2019.12/configure' SHELL=/bin/bash --with-mpc=/home/tcwg-buildslave/workspace/tcwg-make-release_0/_build/builds/destdir/x86_64-unknown-linux-gnu --with-mpfr=/home/tcwg-buildslave/workspace/tcwg-make-release_0/_build/builds/destdir/x86_64-unknown-linux-gnu --with-gmp=/home/tcwg-buildslave/workspace/tcwg-make-release_0/_build/builds/destdir/x86_64-unknown-linux-gnu --with-gnu-as --with-gnu-ld --disable-libmudflap --enable-lto --enable-shared --without-included-gettext --enable-nls --with-system-zlib --disable-sjlj-exceptions --enable-gnu-unique-object --enable-linker-build-id --disable-libstdcxx-pch --enable-c99 --enable-clocale=gnu --enable-libstdcxx-debug --enable-long-long --with-cloog=no --with-ppl=no --with-isl=no --disable-multilib --enable-fix-cortex-a53-835769 --enable-fix-cortex-a53-843419 --with-arch=armv8-a --enable-threads=posix --enable-multiarch --enable-libstdcxx-time=yes --enable-gnu-indirect-function --with-build-sysroot=/home/tcwg-buildslave/workspace/tcwg-make-release_0/_build/sysroots/aarch64-linux-gnu --with-sysroot=/home/tcwg-buildslave/workspace/tcwg-make-release_0/_build/builds/destdir/x86_64-unknown-linux-gnu/aarch64-linux-gnu/libc --enable-checking=release --disable-bootstrap --enable-languages=c,c++,fortran,lto --build=x86_64-unknown-linux-gnu --host=x86_64-unknown-linux-gnu --target=aarch64-linux-gnu --prefix=/home/tcwg-buildslave/workspace/tcwg-make-release_0/_build/builds/destdir/x86_64-unknown-linux-gnu
Thread model: posix
gcc version 7.5.0 (Linaro GCC 7.5-2019.12) 
COMPILER_PATH=/opt/Mrc3588/gcc-linaro-7.5.0-2019.12-x86_64_aarch64-linux-gnu/bin/../libexec/gcc/aarch64-linux-gnu/7.5.0/:/opt/Mrc3588/gcc-linaro-7.5.0-2019.12-x86_64_aarch64-linux-gnu/bin/../libexec/gcc/aarch64-linux-gnu/:/opt/Mrc3588/gcc-linaro-7.5.0-2019.12-x86_64_aarch64-linux-gnu/bin/../libexec/gcc/:/opt/Mrc3588/gcc-linaro-7.5.0-2019.12-x86_64_aarch64-linux-gnu/bin/../lib/gcc/aarch64-linux-gnu/7.5.0/../../../../aarch64-linux-gnu/bin/
LIBRARY_PATH=/opt/Mrc3588/gcc-linaro-7.5.0-2019.12-x86_64_aarch64-linux-gnu/bin/../lib/gcc/aarch64-linux-gnu/7.5.0/:/opt/Mrc3588/gcc-linaro-7.5.0-2019.12-x86_64_aarch64-linux-gnu/bin/../lib/gcc/aarch64-linux-gnu/:/opt/Mrc3588/gcc-linaro-7.5.0-2019.12-x86_64_aarch64-linux-gnu/bin/../lib/gcc/:/opt/Mrc3588/gcc-linaro-7.5.0-2019.12-x86_64_aarch64-linux-gnu/bin/../lib/gcc/aarch64-linux-gnu/7.5.0/../../../../aarch64-linux-gnu/lib/../lib64/:/opt/Mrc3588/gcc-linaro-7.5.0-2019.12-x86_64_aarch64-linux-gnu/bin/../lib/gcc/aarch64-linux-gnu/7.5.0/../../../../aarch64-linux-gnu/lib/:/opt/Mrc3588/gcc-linaro-7.5.0-2019.12-x86_64_aarch64-linux-gnu/bin/../aarch64-linux-gnu/libc/lib/:/opt/Mrc3588/gcc-linaro-7.5.0-2019.12-x86_64_aarch64-linux-gnu/bin/../aarch64-linux-gnu/libc/usr/lib/
COLLECT_GCC_OPTIONS='-v' '-o' 'cmTC_e11ce' '-march=armv8-a' '-mlittle-endian' '-mabi=lp64'
 /opt/Mrc3588/gcc-linaro-7.5.0-2019.12-x86_64_aarch64-linux-gnu/bin/../libexec/gcc/aarch64-linux-gnu/7.5.0/collect2 -plugin /opt/Mrc3588/gcc-linaro-7.5.0-2019.12-x86_64_aarch64-linux-gnu/bin/../libexec/gcc/aarch64-linux-gnu/7.5.0/liblto_plugin.so -plugin-opt=/opt/Mrc3588/gcc-linaro-7.5.0-2019.12-x86_64_aarch64-linux-gnu/bin/../libexec/gcc/aarch64-linux-gnu/7.5.0/lto-wrapper -plugin-opt=-fresolution=/tmp/ccTEzpbk.res -plugin-opt=-pass-through=-lgcc -plugin-opt=-pass-through=-lgcc_s -plugin-opt=-pass-through=-lc -plugin-opt=-pass-through=-lgcc -plugin-opt=-pass-through=-lgcc_s --sysroot=/opt/Mrc3588/gcc-linaro-7.5.0-2019.12-x86_64_aarch64-linux-gnu/bin/../aarch64-linux-gnu/libc --build-id --eh-frame-hdr -dynamic-linker /lib/ld-linux-aarch64.so.1 -X -EL -maarch64linux --fix-cortex-a53-835769 --fix-cortex-a53-843419 -o cmTC_e11ce /opt/Mrc3588/gcc-linaro-7.5.0-2019.12-x86_64_aarch64-linux-gnu/bin/../aarch64-linux-gnu/libc/usr/lib/crt1.o /opt/Mrc3588/gcc-linaro-7.5.0-2019.12-x86_64_aarch64-linux-gnu/bin/../aarch64-linux-gnu/libc/usr/lib/crti.o /opt/Mrc3588/gcc-linaro-7.5.0-2019.12-x86_64_aarch64-linux-gnu/bin/../lib/gcc/aarch64-linux-gnu/7.5.0/crtbegin.o -L/opt/Mrc3588/gcc-linaro-7.5.0-2019.12-x86_64_aarch64-linux-gnu/bin/../lib/gcc/aarch64-linux-gnu/7.5.0 -L/opt/Mrc3588/gcc-linaro-7.5.0-2019.12-x86_64_aarch64-linux-gnu/bin/../lib/gcc/aarch64-linux-gnu -L/opt/Mrc3588/gcc-linaro-7.5.0-2019.12-x86_64_aarch64-linux-gnu/bin/../lib/gcc -L/opt/Mrc3588/gcc-linaro-7.5.0-2019.12-x86_64_aarch64-linux-gnu/bin/../lib/gcc/aarch64-linux-gnu/7.5.0/../../../../aarch64-linux-gnu/lib/../lib64 -L/opt/Mrc3588/gcc-linaro-7.5.0-2019.12-x86_64_aarch64-linux-gnu/bin/../lib/gcc/aarch64-linux-gnu/7.5.0/../../../../aarch64-linux-gnu/lib -L/opt/Mrc3588/gcc-linaro-7.5.0-2019.12-x86_64_aarch64-linux-gnu/bin/../aarch64-linux-gnu/libc/lib -L/opt/Mrc3588/gcc-linaro-7.5.0-2019.12-x86_64_aarch64-linux-gnu/bin/../aarch64-linux-gnu/libc/usr/lib CMakeFiles/cmTC_e11ce.dir/CMakeCCompilerABI.c.o -lgcc --as-needed -lgcc_s --no-as-needed -lc -lgcc --as-needed -lgcc_s --no-as-needed /opt/Mrc3588/gcc-linaro-7.5.0-2019.12-x86_64_aarch64-linux-gnu/bin/../lib/gcc/aarch64-linux-gnu/7.5.0/crtend.o /opt/Mrc3588/gcc-linaro-7.5.0-2019.12-x86_64_aarch64-linux-gnu/bin/../aarch64-linux-gnu/libc/usr/lib/crtn.o
COLLECT_GCC_OPTIONS='-v' '-o' 'cmTC_e11ce' '-march=armv8-a' '-mlittle-endian' '-mabi=lp64'



Parsed C implicit include dir info from above output: rv=done
  found start of include info
  found start of implicit include info
    add: [/opt/Mrc3588/gcc-linaro-7.5.0-2019.12-x86_64_aarch64-linux-gnu/bin/../lib/gcc/aarch64-linux-gnu/7.5.0/include]
    add: [/opt/Mrc3588/gcc-linaro-7.5.0-2019.12-x86_64_aarch64-linux-gnu/bin/../lib/gcc/aarch64-linux-gnu/7.5.0/include-fixed]
    add: [/opt/Mrc3588/gcc-linaro-7.5.0-2019.12-x86_64_aarch64-linux-gnu/bin/../lib/gcc/aarch64-linux-gnu/7.5.0/../../../../aarch64-linux-gnu/include]
    add: [/opt/Mrc3588/gcc-linaro-7.5.0-2019.12-x86_64_aarch64-linux-gnu/bin/../aarch64-linux-gnu/libc/usr/include]
  end of search list found
  collapse include dir [/opt/Mrc3588/gcc-linaro-7.5.0-2019.12-x86_64_aarch64-linux-gnu/bin/../lib/gcc/aarch64-linux-gnu/7.5.0/include] ==> [/opt/Mrc3588/gcc-linaro-7.5.0-2019.12-x86_64_aarch64-linux-gnu/lib/gcc/aarch64-linux-gnu/7.5.0/include]
  collapse include dir [/opt/Mrc3588/gcc-linaro-7.5.0-2019.12-x86_64_aarch64-linux-gnu/bin/../lib/gcc/aarch64-linux-gnu/7.5.0/include-fixed] ==> [/opt/Mrc3588/gcc-linaro-7.5.0-2019.12-x86_64_aarch64-linux-gnu/lib/gcc/aarch64-linux-gnu/7.5.0/include-fixed]
  collapse include dir [/opt/Mrc3588/gcc-linaro-7.5.0-2019.12-x86_64_aarch64-linux-gnu/bin/../lib/gcc/aarch64-linux-gnu/7.5.0/../../../../aarch64-linux-gnu/include] ==> [/opt/Mrc3588/gcc-linaro-7.5.0-2019.12-x86_64_aarch64-linux-gnu/aarch64-linux-gnu/include]
  collapse include dir [/opt/Mrc3588/gcc-linaro-7.5.0-2019.12-x86_64_aarch64-linux-gnu/bin/../aarch64-linux-gnu/libc/usr/include] ==> [/opt/Mrc3588/gcc-linaro-7.5.0-2019.12-x86_64_aarch64-linux-gnu/aarch64-linux-gnu/libc/usr/include]
  implicit include dirs: [/opt/Mrc3588/gcc-linaro-7.5.0-2019.12-x86_64_aarch64-linux-gnu/lib/gcc/aarch64-linux-gnu/7.5.0/include;/opt/Mrc3588/gcc-linaro-7.5.0-2019.12-x86_64_aarch64-linux-gnu/lib/gcc/aarch64-linux-gnu/7.5.0/include-fixed;/opt/Mrc3588/gcc-linaro-7.5.0-2019.12-x86_64_aarch64-linux-gnu/aarch64-linux-gnu/include;/opt/Mrc3588/gcc-linaro-7.5.0-2019.12-x86_64_aarch64-linux-gnu/aarch64-linux-gnu/libc/usr/include]


Parsed C implicit link information from above output:
  link line regex: [^( *|.*[/\])(ld|CMAKE_LINK_STARTFILE-NOTFOUND|([^/\]+-)?ld|collect2)[^/\]*( |$)]
  ignore line: [Change Dir: /home/sft/test_new/MappingNavigation_3.0.4test/build/CMakeFiles/CMakeTmp]
  ignore line: []
  ignore line: [Run Build Command(s):/usr/bin/ninja cmTC_e11ce && [1/2] Building C object CMakeFiles/cmTC_e11ce.dir/CMakeCCompilerABI.c.o]
  ignore line: [Using built-in specs.]
  ignore line: [COLLECT_GCC=/opt/Mrc3588/gcc-linaro-7.5.0-2019.12-x86_64_aarch64-linux-gnu/bin/aarch64-linux-gnu-gcc]
  ignore line: [Target: aarch64-linux-gnu]
  ignore line: [Configured with: '/home/tcwg-buildslave/workspace/tcwg-make-release_0/snapshots/gcc.git~linaro-7.5-2019.12/configure' SHELL=/bin/bash --with-mpc=/home/tcwg-buildslave/workspace/tcwg-make-release_0/_build/builds/destdir/x86_64-unknown-linux-gnu --with-mpfr=/home/tcwg-buildslave/workspace/tcwg-make-release_0/_build/builds/destdir/x86_64-unknown-linux-gnu --with-gmp=/home/tcwg-buildslave/workspace/tcwg-make-release_0/_build/builds/destdir/x86_64-unknown-linux-gnu --with-gnu-as --with-gnu-ld --disable-libmudflap --enable-lto --enable-shared --without-included-gettext --enable-nls --with-system-zlib --disable-sjlj-exceptions --enable-gnu-unique-object --enable-linker-build-id --disable-libstdcxx-pch --enable-c99 --enable-clocale=gnu --enable-libstdcxx-debug --enable-long-long --with-cloog=no --with-ppl=no --with-isl=no --disable-multilib --enable-fix-cortex-a53-835769 --enable-fix-cortex-a53-843419 --with-arch=armv8-a --enable-threads=posix --enable-multiarch --enable-libstdcxx-time=yes --enable-gnu-indirect-function --with-build-sysroot=/home/tcwg-buildslave/workspace/tcwg-make-release_0/_build/sysroots/aarch64-linux-gnu --with-sysroot=/home/tcwg-buildslave/workspace/tcwg-make-release_0/_build/builds/destdir/x86_64-unknown-linux-gnu/aarch64-linux-gnu/libc --enable-checking=release --disable-bootstrap --enable-languages=c,c++,fortran,lto --build=x86_64-unknown-linux-gnu --host=x86_64-unknown-linux-gnu --target=aarch64-linux-gnu --prefix=/home/tcwg-buildslave/workspace/tcwg-make-release_0/_build/builds/destdir/x86_64-unknown-linux-gnu]
  ignore line: [Thread model: posix]
  ignore line: [gcc version 7.5.0 (Linaro GCC 7.5-2019.12) ]
  ignore line: [COLLECT_GCC_OPTIONS='-v' '-o' 'CMakeFiles/cmTC_e11ce.dir/CMakeCCompilerABI.c.o' '-c' '-march=armv8-a' '-mlittle-endian' '-mabi=lp64']
  ignore line: [ /opt/Mrc3588/gcc-linaro-7.5.0-2019.12-x86_64_aarch64-linux-gnu/bin/../libexec/gcc/aarch64-linux-gnu/7.5.0/cc1 -quiet -v -imultiarch aarch64-linux-gnu -iprefix /opt/Mrc3588/gcc-linaro-7.5.0-2019.12-x86_64_aarch64-linux-gnu/bin/../lib/gcc/aarch64-linux-gnu/7.5.0/ -isysroot /opt/Mrc3588/gcc-linaro-7.5.0-2019.12-x86_64_aarch64-linux-gnu/bin/../aarch64-linux-gnu/libc /usr/share/cmake-3.16/Modules/CMakeCCompilerABI.c -quiet -dumpbase CMakeCCompilerABI.c -march=armv8-a -mlittle-endian -mabi=lp64 -auxbase-strip CMakeFiles/cmTC_e11ce.dir/CMakeCCompilerABI.c.o -version -o /tmp/cccndCz0.s]
  ignore line: [GNU C11 (Linaro GCC 7.5-2019.12) version 7.5.0 (aarch64-linux-gnu)]
  ignore line: [	compiled by GNU C version 4.8.4  GMP version 6.1.2  MPFR version 3.1.5  MPC version 1.0.3  isl version none]
  ignore line: [GGC heuristics: --param ggc-min-expand=100 --param ggc-min-heapsize=131072]
  ignore line: [ignoring duplicate directory "/opt/Mrc3588/gcc-linaro-7.5.0-2019.12-x86_64_aarch64-linux-gnu/bin/../lib/gcc/../../lib/gcc/aarch64-linux-gnu/7.5.0/include"]
  ignore line: [ignoring nonexistent directory "/opt/Mrc3588/gcc-linaro-7.5.0-2019.12-x86_64_aarch64-linux-gnu/bin/../aarch64-linux-gnu/libc/usr/local/include/aarch64-linux-gnu"]
  ignore line: [ignoring nonexistent directory "/opt/Mrc3588/gcc-linaro-7.5.0-2019.12-x86_64_aarch64-linux-gnu/bin/../aarch64-linux-gnu/libc/usr/local/include"]
  ignore line: [ignoring duplicate directory "/opt/Mrc3588/gcc-linaro-7.5.0-2019.12-x86_64_aarch64-linux-gnu/bin/../lib/gcc/../../lib/gcc/aarch64-linux-gnu/7.5.0/include-fixed"]
  ignore line: [ignoring duplicate directory "/opt/Mrc3588/gcc-linaro-7.5.0-2019.12-x86_64_aarch64-linux-gnu/bin/../lib/gcc/../../lib/gcc/aarch64-linux-gnu/7.5.0/../../../../aarch64-linux-gnu/include"]
  ignore line: [ignoring nonexistent directory "/opt/Mrc3588/gcc-linaro-7.5.0-2019.12-x86_64_aarch64-linux-gnu/bin/../aarch64-linux-gnu/libc/usr/include/aarch64-linux-gnu"]
  ignore line: [#include "..." search starts here:]
  ignore line: [#include <...> search starts here:]
  ignore line: [ /opt/Mrc3588/gcc-linaro-7.5.0-2019.12-x86_64_aarch64-linux-gnu/bin/../lib/gcc/aarch64-linux-gnu/7.5.0/include]
  ignore line: [ /opt/Mrc3588/gcc-linaro-7.5.0-2019.12-x86_64_aarch64-linux-gnu/bin/../lib/gcc/aarch64-linux-gnu/7.5.0/include-fixed]
  ignore line: [ /opt/Mrc3588/gcc-linaro-7.5.0-2019.12-x86_64_aarch64-linux-gnu/bin/../lib/gcc/aarch64-linux-gnu/7.5.0/../../../../aarch64-linux-gnu/include]
  ignore line: [ /opt/Mrc3588/gcc-linaro-7.5.0-2019.12-x86_64_aarch64-linux-gnu/bin/../aarch64-linux-gnu/libc/usr/include]
  ignore line: [End of search list.]
  ignore line: [GNU C11 (Linaro GCC 7.5-2019.12) version 7.5.0 (aarch64-linux-gnu)]
  ignore line: [	compiled by GNU C version 4.8.4  GMP version 6.1.2  MPFR version 3.1.5  MPC version 1.0.3  isl version none]
  ignore line: [GGC heuristics: --param ggc-min-expand=100 --param ggc-min-heapsize=131072]
  ignore line: [Compiler executable checksum: 5d0f5ce72c62ffb599b2a09a116fcf39]
  ignore line: [COLLECT_GCC_OPTIONS='-v' '-o' 'CMakeFiles/cmTC_e11ce.dir/CMakeCCompilerABI.c.o' '-c' '-march=armv8-a' '-mlittle-endian' '-mabi=lp64']
  ignore line: [ /opt/Mrc3588/gcc-linaro-7.5.0-2019.12-x86_64_aarch64-linux-gnu/bin/../lib/gcc/aarch64-linux-gnu/7.5.0/../../../../aarch64-linux-gnu/bin/as -v -EL -march=armv8-a -mabi=lp64 -o CMakeFiles/cmTC_e11ce.dir/CMakeCCompilerABI.c.o /tmp/cccndCz0.s]
  ignore line: [GNU assembler version 2.28.2 (aarch64-linux-gnu) using BFD version (Linaro_Binutils-2019.12) 2.28.2.20170706]
  ignore line: [COMPILER_PATH=/opt/Mrc3588/gcc-linaro-7.5.0-2019.12-x86_64_aarch64-linux-gnu/bin/../libexec/gcc/aarch64-linux-gnu/7.5.0/:/opt/Mrc3588/gcc-linaro-7.5.0-2019.12-x86_64_aarch64-linux-gnu/bin/../libexec/gcc/aarch64-linux-gnu/:/opt/Mrc3588/gcc-linaro-7.5.0-2019.12-x86_64_aarch64-linux-gnu/bin/../libexec/gcc/:/opt/Mrc3588/gcc-linaro-7.5.0-2019.12-x86_64_aarch64-linux-gnu/bin/../lib/gcc/aarch64-linux-gnu/7.5.0/../../../../aarch64-linux-gnu/bin/]
  ignore line: [LIBRARY_PATH=/opt/Mrc3588/gcc-linaro-7.5.0-2019.12-x86_64_aarch64-linux-gnu/bin/../lib/gcc/aarch64-linux-gnu/7.5.0/:/opt/Mrc3588/gcc-linaro-7.5.0-2019.12-x86_64_aarch64-linux-gnu/bin/../lib/gcc/aarch64-linux-gnu/:/opt/Mrc3588/gcc-linaro-7.5.0-2019.12-x86_64_aarch64-linux-gnu/bin/../lib/gcc/:/opt/Mrc3588/gcc-linaro-7.5.0-2019.12-x86_64_aarch64-linux-gnu/bin/../lib/gcc/aarch64-linux-gnu/7.5.0/../../../../aarch64-linux-gnu/lib/../lib64/:/opt/Mrc3588/gcc-linaro-7.5.0-2019.12-x86_64_aarch64-linux-gnu/bin/../lib/gcc/aarch64-linux-gnu/7.5.0/../../../../aarch64-linux-gnu/lib/:/opt/Mrc3588/gcc-linaro-7.5.0-2019.12-x86_64_aarch64-linux-gnu/bin/../aarch64-linux-gnu/libc/lib/:/opt/Mrc3588/gcc-linaro-7.5.0-2019.12-x86_64_aarch64-linux-gnu/bin/../aarch64-linux-gnu/libc/usr/lib/]
  ignore line: [COLLECT_GCC_OPTIONS='-v' '-o' 'CMakeFiles/cmTC_e11ce.dir/CMakeCCompilerABI.c.o' '-c' '-march=armv8-a' '-mlittle-endian' '-mabi=lp64']
  ignore line: [[2/2] Linking C executable cmTC_e11ce]
  ignore line: [Using built-in specs.]
  ignore line: [COLLECT_GCC=/opt/Mrc3588/gcc-linaro-7.5.0-2019.12-x86_64_aarch64-linux-gnu/bin/aarch64-linux-gnu-gcc]
  ignore line: [COLLECT_LTO_WRAPPER=/opt/Mrc3588/gcc-linaro-7.5.0-2019.12-x86_64_aarch64-linux-gnu/bin/../libexec/gcc/aarch64-linux-gnu/7.5.0/lto-wrapper]
  ignore line: [Target: aarch64-linux-gnu]
  ignore line: [Configured with: '/home/tcwg-buildslave/workspace/tcwg-make-release_0/snapshots/gcc.git~linaro-7.5-2019.12/configure' SHELL=/bin/bash --with-mpc=/home/tcwg-buildslave/workspace/tcwg-make-release_0/_build/builds/destdir/x86_64-unknown-linux-gnu --with-mpfr=/home/tcwg-buildslave/workspace/tcwg-make-release_0/_build/builds/destdir/x86_64-unknown-linux-gnu --with-gmp=/home/tcwg-buildslave/workspace/tcwg-make-release_0/_build/builds/destdir/x86_64-unknown-linux-gnu --with-gnu-as --with-gnu-ld --disable-libmudflap --enable-lto --enable-shared --without-included-gettext --enable-nls --with-system-zlib --disable-sjlj-exceptions --enable-gnu-unique-object --enable-linker-build-id --disable-libstdcxx-pch --enable-c99 --enable-clocale=gnu --enable-libstdcxx-debug --enable-long-long --with-cloog=no --with-ppl=no --with-isl=no --disable-multilib --enable-fix-cortex-a53-835769 --enable-fix-cortex-a53-843419 --with-arch=armv8-a --enable-threads=posix --enable-multiarch --enable-libstdcxx-time=yes --enable-gnu-indirect-function --with-build-sysroot=/home/tcwg-buildslave/workspace/tcwg-make-release_0/_build/sysroots/aarch64-linux-gnu --with-sysroot=/home/tcwg-buildslave/workspace/tcwg-make-release_0/_build/builds/destdir/x86_64-unknown-linux-gnu/aarch64-linux-gnu/libc --enable-checking=release --disable-bootstrap --enable-languages=c,c++,fortran,lto --build=x86_64-unknown-linux-gnu --host=x86_64-unknown-linux-gnu --target=aarch64-linux-gnu --prefix=/home/tcwg-buildslave/workspace/tcwg-make-release_0/_build/builds/destdir/x86_64-unknown-linux-gnu]
  ignore line: [Thread model: posix]
  ignore line: [gcc version 7.5.0 (Linaro GCC 7.5-2019.12) ]
  ignore line: [COMPILER_PATH=/opt/Mrc3588/gcc-linaro-7.5.0-2019.12-x86_64_aarch64-linux-gnu/bin/../libexec/gcc/aarch64-linux-gnu/7.5.0/:/opt/Mrc3588/gcc-linaro-7.5.0-2019.12-x86_64_aarch64-linux-gnu/bin/../libexec/gcc/aarch64-linux-gnu/:/opt/Mrc3588/gcc-linaro-7.5.0-2019.12-x86_64_aarch64-linux-gnu/bin/../libexec/gcc/:/opt/Mrc3588/gcc-linaro-7.5.0-2019.12-x86_64_aarch64-linux-gnu/bin/../lib/gcc/aarch64-linux-gnu/7.5.0/../../../../aarch64-linux-gnu/bin/]
  ignore line: [LIBRARY_PATH=/opt/Mrc3588/gcc-linaro-7.5.0-2019.12-x86_64_aarch64-linux-gnu/bin/../lib/gcc/aarch64-linux-gnu/7.5.0/:/opt/Mrc3588/gcc-linaro-7.5.0-2019.12-x86_64_aarch64-linux-gnu/bin/../lib/gcc/aarch64-linux-gnu/:/opt/Mrc3588/gcc-linaro-7.5.0-2019.12-x86_64_aarch64-linux-gnu/bin/../lib/gcc/:/opt/Mrc3588/gcc-linaro-7.5.0-2019.12-x86_64_aarch64-linux-gnu/bin/../lib/gcc/aarch64-linux-gnu/7.5.0/../../../../aarch64-linux-gnu/lib/../lib64/:/opt/Mrc3588/gcc-linaro-7.5.0-2019.12-x86_64_aarch64-linux-gnu/bin/../lib/gcc/aarch64-linux-gnu/7.5.0/../../../../aarch64-linux-gnu/lib/:/opt/Mrc3588/gcc-linaro-7.5.0-2019.12-x86_64_aarch64-linux-gnu/bin/../aarch64-linux-gnu/libc/lib/:/opt/Mrc3588/gcc-linaro-7.5.0-2019.12-x86_64_aarch64-linux-gnu/bin/../aarch64-linux-gnu/libc/usr/lib/]
  ignore line: [COLLECT_GCC_OPTIONS='-v' '-o' 'cmTC_e11ce' '-march=armv8-a' '-mlittle-endian' '-mabi=lp64']
  link line: [ /opt/Mrc3588/gcc-linaro-7.5.0-2019.12-x86_64_aarch64-linux-gnu/bin/../libexec/gcc/aarch64-linux-gnu/7.5.0/collect2 -plugin /opt/Mrc3588/gcc-linaro-7.5.0-2019.12-x86_64_aarch64-linux-gnu/bin/../libexec/gcc/aarch64-linux-gnu/7.5.0/liblto_plugin.so -plugin-opt=/opt/Mrc3588/gcc-linaro-7.5.0-2019.12-x86_64_aarch64-linux-gnu/bin/../libexec/gcc/aarch64-linux-gnu/7.5.0/lto-wrapper -plugin-opt=-fresolution=/tmp/ccTEzpbk.res -plugin-opt=-pass-through=-lgcc -plugin-opt=-pass-through=-lgcc_s -plugin-opt=-pass-through=-lc -plugin-opt=-pass-through=-lgcc -plugin-opt=-pass-through=-lgcc_s --sysroot=/opt/Mrc3588/gcc-linaro-7.5.0-2019.12-x86_64_aarch64-linux-gnu/bin/../aarch64-linux-gnu/libc --build-id --eh-frame-hdr -dynamic-linker /lib/ld-linux-aarch64.so.1 -X -EL -maarch64linux --fix-cortex-a53-835769 --fix-cortex-a53-843419 -o cmTC_e11ce /opt/Mrc3588/gcc-linaro-7.5.0-2019.12-x86_64_aarch64-linux-gnu/bin/../aarch64-linux-gnu/libc/usr/lib/crt1.o /opt/Mrc3588/gcc-linaro-7.5.0-2019.12-x86_64_aarch64-linux-gnu/bin/../aarch64-linux-gnu/libc/usr/lib/crti.o /opt/Mrc3588/gcc-linaro-7.5.0-2019.12-x86_64_aarch64-linux-gnu/bin/../lib/gcc/aarch64-linux-gnu/7.5.0/crtbegin.o -L/opt/Mrc3588/gcc-linaro-7.5.0-2019.12-x86_64_aarch64-linux-gnu/bin/../lib/gcc/aarch64-linux-gnu/7.5.0 -L/opt/Mrc3588/gcc-linaro-7.5.0-2019.12-x86_64_aarch64-linux-gnu/bin/../lib/gcc/aarch64-linux-gnu -L/opt/Mrc3588/gcc-linaro-7.5.0-2019.12-x86_64_aarch64-linux-gnu/bin/../lib/gcc -L/opt/Mrc3588/gcc-linaro-7.5.0-2019.12-x86_64_aarch64-linux-gnu/bin/../lib/gcc/aarch64-linux-gnu/7.5.0/../../../../aarch64-linux-gnu/lib/../lib64 -L/opt/Mrc3588/gcc-linaro-7.5.0-2019.12-x86_64_aarch64-linux-gnu/bin/../lib/gcc/aarch64-linux-gnu/7.5.0/../../../../aarch64-linux-gnu/lib -L/opt/Mrc3588/gcc-linaro-7.5.0-2019.12-x86_64_aarch64-linux-gnu/bin/../aarch64-linux-gnu/libc/lib -L/opt/Mrc3588/gcc-linaro-7.5.0-2019.12-x86_64_aarch64-linux-gnu/bin/../aarch64-linux-gnu/libc/usr/lib CMakeFiles/cmTC_e11ce.dir/CMakeCCompilerABI.c.o -lgcc --as-needed -lgcc_s --no-as-needed -lc -lgcc --as-needed -lgcc_s --no-as-needed /opt/Mrc3588/gcc-linaro-7.5.0-2019.12-x86_64_aarch64-linux-gnu/bin/../lib/gcc/aarch64-linux-gnu/7.5.0/crtend.o /opt/Mrc3588/gcc-linaro-7.5.0-2019.12-x86_64_aarch64-linux-gnu/bin/../aarch64-linux-gnu/libc/usr/lib/crtn.o]
    arg [/opt/Mrc3588/gcc-linaro-7.5.0-2019.12-x86_64_aarch64-linux-gnu/bin/../libexec/gcc/aarch64-linux-gnu/7.5.0/collect2] ==> ignore
    arg [-plugin] ==> ignore
    arg [/opt/Mrc3588/gcc-linaro-7.5.0-2019.12-x86_64_aarch64-linux-gnu/bin/../libexec/gcc/aarch64-linux-gnu/7.5.0/liblto_plugin.so] ==> ignore
    arg [-plugin-opt=/opt/Mrc3588/gcc-linaro-7.5.0-2019.12-x86_64_aarch64-linux-gnu/bin/../libexec/gcc/aarch64-linux-gnu/7.5.0/lto-wrapper] ==> ignore
    arg [-plugin-opt=-fresolution=/tmp/ccTEzpbk.res] ==> ignore
    arg [-plugin-opt=-pass-through=-lgcc] ==> ignore
    arg [-plugin-opt=-pass-through=-lgcc_s] ==> ignore
    arg [-plugin-opt=-pass-through=-lc] ==> ignore
    arg [-plugin-opt=-pass-through=-lgcc] ==> ignore
    arg [-plugin-opt=-pass-through=-lgcc_s] ==> ignore
    arg [--sysroot=/opt/Mrc3588/gcc-linaro-7.5.0-2019.12-x86_64_aarch64-linux-gnu/bin/../aarch64-linux-gnu/libc] ==> ignore
    arg [--build-id] ==> ignore
    arg [--eh-frame-hdr] ==> ignore
    arg [-dynamic-linker] ==> ignore
    arg [/lib/ld-linux-aarch64.so.1] ==> ignore
    arg [-X] ==> ignore
    arg [-EL] ==> ignore
    arg [-maarch64linux] ==> ignore
    arg [--fix-cortex-a53-835769] ==> ignore
    arg [--fix-cortex-a53-843419] ==> ignore
    arg [-o] ==> ignore
    arg [cmTC_e11ce] ==> ignore
    arg [/opt/Mrc3588/gcc-linaro-7.5.0-2019.12-x86_64_aarch64-linux-gnu/bin/../aarch64-linux-gnu/libc/usr/lib/crt1.o] ==> ignore
    arg [/opt/Mrc3588/gcc-linaro-7.5.0-2019.12-x86_64_aarch64-linux-gnu/bin/../aarch64-linux-gnu/libc/usr/lib/crti.o] ==> ignore
    arg [/opt/Mrc3588/gcc-linaro-7.5.0-2019.12-x86_64_aarch64-linux-gnu/bin/../lib/gcc/aarch64-linux-gnu/7.5.0/crtbegin.o] ==> ignore
    arg [-L/opt/Mrc3588/gcc-linaro-7.5.0-2019.12-x86_64_aarch64-linux-gnu/bin/../lib/gcc/aarch64-linux-gnu/7.5.0] ==> dir [/opt/Mrc3588/gcc-linaro-7.5.0-2019.12-x86_64_aarch64-linux-gnu/bin/../lib/gcc/aarch64-linux-gnu/7.5.0]
    arg [-L/opt/Mrc3588/gcc-linaro-7.5.0-2019.12-x86_64_aarch64-linux-gnu/bin/../lib/gcc/aarch64-linux-gnu] ==> dir [/opt/Mrc3588/gcc-linaro-7.5.0-2019.12-x86_64_aarch64-linux-gnu/bin/../lib/gcc/aarch64-linux-gnu]
    arg [-L/opt/Mrc3588/gcc-linaro-7.5.0-2019.12-x86_64_aarch64-linux-gnu/bin/../lib/gcc] ==> dir [/opt/Mrc3588/gcc-linaro-7.5.0-2019.12-x86_64_aarch64-linux-gnu/bin/../lib/gcc]
    arg [-L/opt/Mrc3588/gcc-linaro-7.5.0-2019.12-x86_64_aarch64-linux-gnu/bin/../lib/gcc/aarch64-linux-gnu/7.5.0/../../../../aarch64-linux-gnu/lib/../lib64] ==> dir [/opt/Mrc3588/gcc-linaro-7.5.0-2019.12-x86_64_aarch64-linux-gnu/bin/../lib/gcc/aarch64-linux-gnu/7.5.0/../../../../aarch64-linux-gnu/lib/../lib64]
    arg [-L/opt/Mrc3588/gcc-linaro-7.5.0-2019.12-x86_64_aarch64-linux-gnu/bin/../lib/gcc/aarch64-linux-gnu/7.5.0/../../../../aarch64-linux-gnu/lib] ==> dir [/opt/Mrc3588/gcc-linaro-7.5.0-2019.12-x86_64_aarch64-linux-gnu/bin/../lib/gcc/aarch64-linux-gnu/7.5.0/../../../../aarch64-linux-gnu/lib]
    arg [-L/opt/Mrc3588/gcc-linaro-7.5.0-2019.12-x86_64_aarch64-linux-gnu/bin/../aarch64-linux-gnu/libc/lib] ==> dir [/opt/Mrc3588/gcc-linaro-7.5.0-2019.12-x86_64_aarch64-linux-gnu/bin/../aarch64-linux-gnu/libc/lib]
    arg [-L/opt/Mrc3588/gcc-linaro-7.5.0-2019.12-x86_64_aarch64-linux-gnu/bin/../aarch64-linux-gnu/libc/usr/lib] ==> dir [/opt/Mrc3588/gcc-linaro-7.5.0-2019.12-x86_64_aarch64-linux-gnu/bin/../aarch64-linux-gnu/libc/usr/lib]
    arg [CMakeFiles/cmTC_e11ce.dir/CMakeCCompilerABI.c.o] ==> ignore
    arg [-lgcc] ==> lib [gcc]
    arg [--as-needed] ==> ignore
    arg [-lgcc_s] ==> lib [gcc_s]
    arg [--no-as-needed] ==> ignore
    arg [-lc] ==> lib [c]
    arg [-lgcc] ==> lib [gcc]
    arg [--as-needed] ==> ignore
    arg [-lgcc_s] ==> lib [gcc_s]
    arg [--no-as-needed] ==> ignore
    arg [/opt/Mrc3588/gcc-linaro-7.5.0-2019.12-x86_64_aarch64-linux-gnu/bin/../lib/gcc/aarch64-linux-gnu/7.5.0/crtend.o] ==> ignore
    arg [/opt/Mrc3588/gcc-linaro-7.5.0-2019.12-x86_64_aarch64-linux-gnu/bin/../aarch64-linux-gnu/libc/usr/lib/crtn.o] ==> ignore
  collapse library dir [/opt/Mrc3588/gcc-linaro-7.5.0-2019.12-x86_64_aarch64-linux-gnu/bin/../lib/gcc/aarch64-linux-gnu/7.5.0] ==> [/opt/Mrc3588/gcc-linaro-7.5.0-2019.12-x86_64_aarch64-linux-gnu/lib/gcc/aarch64-linux-gnu/7.5.0]
  collapse library dir [/opt/Mrc3588/gcc-linaro-7.5.0-2019.12-x86_64_aarch64-linux-gnu/bin/../lib/gcc/aarch64-linux-gnu] ==> [/opt/Mrc3588/gcc-linaro-7.5.0-2019.12-x86_64_aarch64-linux-gnu/lib/gcc/aarch64-linux-gnu]
  collapse library dir [/opt/Mrc3588/gcc-linaro-7.5.0-2019.12-x86_64_aarch64-linux-gnu/bin/../lib/gcc] ==> [/opt/Mrc3588/gcc-linaro-7.5.0-2019.12-x86_64_aarch64-linux-gnu/lib/gcc]
  collapse library dir [/opt/Mrc3588/gcc-linaro-7.5.0-2019.12-x86_64_aarch64-linux-gnu/bin/../lib/gcc/aarch64-linux-gnu/7.5.0/../../../../aarch64-linux-gnu/lib/../lib64] ==> [/opt/Mrc3588/gcc-linaro-7.5.0-2019.12-x86_64_aarch64-linux-gnu/aarch64-linux-gnu/lib64]
  collapse library dir [/opt/Mrc3588/gcc-linaro-7.5.0-2019.12-x86_64_aarch64-linux-gnu/bin/../lib/gcc/aarch64-linux-gnu/7.5.0/../../../../aarch64-linux-gnu/lib] ==> [/opt/Mrc3588/gcc-linaro-7.5.0-2019.12-x86_64_aarch64-linux-gnu/aarch64-linux-gnu/lib]
  collapse library dir [/opt/Mrc3588/gcc-linaro-7.5.0-2019.12-x86_64_aarch64-linux-gnu/bin/../aarch64-linux-gnu/libc/lib] ==> [/opt/Mrc3588/gcc-linaro-7.5.0-2019.12-x86_64_aarch64-linux-gnu/aarch64-linux-gnu/libc/lib]
  collapse library dir [/opt/Mrc3588/gcc-linaro-7.5.0-2019.12-x86_64_aarch64-linux-gnu/bin/../aarch64-linux-gnu/libc/usr/lib] ==> [/opt/Mrc3588/gcc-linaro-7.5.0-2019.12-x86_64_aarch64-linux-gnu/aarch64-linux-gnu/libc/usr/lib]
  implicit libs: [gcc;gcc_s;c;gcc;gcc_s]
  implicit dirs: [/opt/Mrc3588/gcc-linaro-7.5.0-2019.12-x86_64_aarch64-linux-gnu/lib/gcc/aarch64-linux-gnu/7.5.0;/opt/Mrc3588/gcc-linaro-7.5.0-2019.12-x86_64_aarch64-linux-gnu/lib/gcc/aarch64-linux-gnu;/opt/Mrc3588/gcc-linaro-7.5.0-2019.12-x86_64_aarch64-linux-gnu/lib/gcc;/opt/Mrc3588/gcc-linaro-7.5.0-2019.12-x86_64_aarch64-linux-gnu/aarch64-linux-gnu/lib64;/opt/Mrc3588/gcc-linaro-7.5.0-2019.12-x86_64_aarch64-linux-gnu/aarch64-linux-gnu/lib;/opt/Mrc3588/gcc-linaro-7.5.0-2019.12-x86_64_aarch64-linux-gnu/aarch64-linux-gnu/libc/lib;/opt/Mrc3588/gcc-linaro-7.5.0-2019.12-x86_64_aarch64-linux-gnu/aarch64-linux-gnu/libc/usr/lib]
  implicit fwks: []


Determining if the CXX compiler works passed with the following output:
Change Dir: /home/sft/test_new/MappingNavigation_3.0.4test/build/CMakeFiles/CMakeTmp

Run Build Command(s):/usr/bin/ninja cmTC_c2845 && [1/2] Building CXX object CMakeFiles/cmTC_c2845.dir/testCXXCompiler.cxx.o
[2/2] Linking CXX executable cmTC_c2845



Detecting CXX compiler ABI info compiled with the following output:
Change Dir: /home/sft/test_new/MappingNavigation_3.0.4test/build/CMakeFiles/CMakeTmp

Run Build Command(s):/usr/bin/ninja cmTC_7ac53 && [1/2] Building CXX object CMakeFiles/cmTC_7ac53.dir/CMakeCXXCompilerABI.cpp.o
Using built-in specs.
COLLECT_GCC=/opt/Mrc3588/gcc-linaro-7.5.0-2019.12-x86_64_aarch64-linux-gnu/bin/aarch64-linux-gnu-g++
Target: aarch64-linux-gnu
Configured with: '/home/tcwg-buildslave/workspace/tcwg-make-release_0/snapshots/gcc.git~linaro-7.5-2019.12/configure' SHELL=/bin/bash --with-mpc=/home/tcwg-buildslave/workspace/tcwg-make-release_0/_build/builds/destdir/x86_64-unknown-linux-gnu --with-mpfr=/home/tcwg-buildslave/workspace/tcwg-make-release_0/_build/builds/destdir/x86_64-unknown-linux-gnu --with-gmp=/home/tcwg-buildslave/workspace/tcwg-make-release_0/_build/builds/destdir/x86_64-unknown-linux-gnu --with-gnu-as --with-gnu-ld --disable-libmudflap --enable-lto --enable-shared --without-included-gettext --enable-nls --with-system-zlib --disable-sjlj-exceptions --enable-gnu-unique-object --enable-linker-build-id --disable-libstdcxx-pch --enable-c99 --enable-clocale=gnu --enable-libstdcxx-debug --enable-long-long --with-cloog=no --with-ppl=no --with-isl=no --disable-multilib --enable-fix-cortex-a53-835769 --enable-fix-cortex-a53-843419 --with-arch=armv8-a --enable-threads=posix --enable-multiarch --enable-libstdcxx-time=yes --enable-gnu-indirect-function --with-build-sysroot=/home/tcwg-buildslave/workspace/tcwg-make-release_0/_build/sysroots/aarch64-linux-gnu --with-sysroot=/home/tcwg-buildslave/workspace/tcwg-make-release_0/_build/builds/destdir/x86_64-unknown-linux-gnu/aarch64-linux-gnu/libc --enable-checking=release --disable-bootstrap --enable-languages=c,c++,fortran,lto --build=x86_64-unknown-linux-gnu --host=x86_64-unknown-linux-gnu --target=aarch64-linux-gnu --prefix=/home/tcwg-buildslave/workspace/tcwg-make-release_0/_build/builds/destdir/x86_64-unknown-linux-gnu
Thread model: posix
gcc version 7.5.0 (Linaro GCC 7.5-2019.12) 
COLLECT_GCC_OPTIONS='-v' '-std=gnu++14' '-o' 'CMakeFiles/cmTC_7ac53.dir/CMakeCXXCompilerABI.cpp.o' '-c' '-shared-libgcc' '-march=armv8-a' '-mlittle-endian' '-mabi=lp64'
 /opt/Mrc3588/gcc-linaro-7.5.0-2019.12-x86_64_aarch64-linux-gnu/bin/../libexec/gcc/aarch64-linux-gnu/7.5.0/cc1plus -quiet -v -imultiarch aarch64-linux-gnu -iprefix /opt/Mrc3588/gcc-linaro-7.5.0-2019.12-x86_64_aarch64-linux-gnu/bin/../lib/gcc/aarch64-linux-gnu/7.5.0/ -isysroot /opt/Mrc3588/gcc-linaro-7.5.0-2019.12-x86_64_aarch64-linux-gnu/bin/../aarch64-linux-gnu/libc -D_GNU_SOURCE /usr/share/cmake-3.16/Modules/CMakeCXXCompilerABI.cpp -quiet -dumpbase CMakeCXXCompilerABI.cpp -march=armv8-a -mlittle-endian -mabi=lp64 -auxbase-strip CMakeFiles/cmTC_7ac53.dir/CMakeCXXCompilerABI.cpp.o -std=gnu++14 -version -o /tmp/ccy4gokA.s
GNU C++14 (Linaro GCC 7.5-2019.12) version 7.5.0 (aarch64-linux-gnu)
	compiled by GNU C version 4.8.4, GMP version 6.1.2, MPFR version 3.1.5, MPC version 1.0.3, isl version none
GGC heuristics: --param ggc-min-expand=100 --param ggc-min-heapsize=131072
ignoring duplicate directory "/opt/Mrc3588/gcc-linaro-7.5.0-2019.12-x86_64_aarch64-linux-gnu/bin/../lib/gcc/../../lib/gcc/aarch64-linux-gnu/7.5.0/../../../../aarch64-linux-gnu/include/c++/7.5.0"
ignoring duplicate directory "/opt/Mrc3588/gcc-linaro-7.5.0-2019.12-x86_64_aarch64-linux-gnu/bin/../lib/gcc/../../lib/gcc/aarch64-linux-gnu/7.5.0/../../../../aarch64-linux-gnu/include/c++/7.5.0/aarch64-linux-gnu"
ignoring duplicate directory "/opt/Mrc3588/gcc-linaro-7.5.0-2019.12-x86_64_aarch64-linux-gnu/bin/../lib/gcc/../../lib/gcc/aarch64-linux-gnu/7.5.0/../../../../aarch64-linux-gnu/include/c++/7.5.0/backward"
ignoring duplicate directory "/opt/Mrc3588/gcc-linaro-7.5.0-2019.12-x86_64_aarch64-linux-gnu/bin/../lib/gcc/../../lib/gcc/aarch64-linux-gnu/7.5.0/include"
ignoring nonexistent directory "/opt/Mrc3588/gcc-linaro-7.5.0-2019.12-x86_64_aarch64-linux-gnu/bin/../aarch64-linux-gnu/libc/usr/local/include/aarch64-linux-gnu"
ignoring nonexistent directory "/opt/Mrc3588/gcc-linaro-7.5.0-2019.12-x86_64_aarch64-linux-gnu/bin/../aarch64-linux-gnu/libc/usr/local/include"
ignoring duplicate directory "/opt/Mrc3588/gcc-linaro-7.5.0-2019.12-x86_64_aarch64-linux-gnu/bin/../lib/gcc/../../lib/gcc/aarch64-linux-gnu/7.5.0/include-fixed"
ignoring duplicate directory "/opt/Mrc3588/gcc-linaro-7.5.0-2019.12-x86_64_aarch64-linux-gnu/bin/../lib/gcc/../../lib/gcc/aarch64-linux-gnu/7.5.0/../../../../aarch64-linux-gnu/include"
ignoring nonexistent directory "/opt/Mrc3588/gcc-linaro-7.5.0-2019.12-x86_64_aarch64-linux-gnu/bin/../aarch64-linux-gnu/libc/usr/include/aarch64-linux-gnu"
#include "..." search starts here:
#include <...> search starts here:
 /opt/Mrc3588/gcc-linaro-7.5.0-2019.12-x86_64_aarch64-linux-gnu/bin/../lib/gcc/aarch64-linux-gnu/7.5.0/../../../../aarch64-linux-gnu/include/c++/7.5.0
 /opt/Mrc3588/gcc-linaro-7.5.0-2019.12-x86_64_aarch64-linux-gnu/bin/../lib/gcc/aarch64-linux-gnu/7.5.0/../../../../aarch64-linux-gnu/include/c++/7.5.0/aarch64-linux-gnu
 /opt/Mrc3588/gcc-linaro-7.5.0-2019.12-x86_64_aarch64-linux-gnu/bin/../lib/gcc/aarch64-linux-gnu/7.5.0/../../../../aarch64-linux-gnu/include/c++/7.5.0/backward
 /opt/Mrc3588/gcc-linaro-7.5.0-2019.12-x86_64_aarch64-linux-gnu/bin/../lib/gcc/aarch64-linux-gnu/7.5.0/include
 /opt/Mrc3588/gcc-linaro-7.5.0-2019.12-x86_64_aarch64-linux-gnu/bin/../lib/gcc/aarch64-linux-gnu/7.5.0/include-fixed
 /opt/Mrc3588/gcc-linaro-7.5.0-2019.12-x86_64_aarch64-linux-gnu/bin/../lib/gcc/aarch64-linux-gnu/7.5.0/../../../../aarch64-linux-gnu/include
 /opt/Mrc3588/gcc-linaro-7.5.0-2019.12-x86_64_aarch64-linux-gnu/bin/../aarch64-linux-gnu/libc/usr/include
End of search list.
GNU C++14 (Linaro GCC 7.5-2019.12) version 7.5.0 (aarch64-linux-gnu)
	compiled by GNU C version 4.8.4, GMP version 6.1.2, MPFR version 3.1.5, MPC version 1.0.3, isl version none
GGC heuristics: --param ggc-min-expand=100 --param ggc-min-heapsize=131072
Compiler executable checksum: 966bcc360f46d7d0bf38230662fdbbf8
COLLECT_GCC_OPTIONS='-v' '-std=gnu++14' '-o' 'CMakeFiles/cmTC_7ac53.dir/CMakeCXXCompilerABI.cpp.o' '-c' '-shared-libgcc' '-march=armv8-a' '-mlittle-endian' '-mabi=lp64'
 /opt/Mrc3588/gcc-linaro-7.5.0-2019.12-x86_64_aarch64-linux-gnu/bin/../lib/gcc/aarch64-linux-gnu/7.5.0/../../../../aarch64-linux-gnu/bin/as -v -EL -march=armv8-a -mabi=lp64 -o CMakeFiles/cmTC_7ac53.dir/CMakeCXXCompilerABI.cpp.o /tmp/ccy4gokA.s
GNU assembler version 2.28.2 (aarch64-linux-gnu) using BFD version (Linaro_Binutils-2019.12) 2.28.2.20170706
COMPILER_PATH=/opt/Mrc3588/gcc-linaro-7.5.0-2019.12-x86_64_aarch64-linux-gnu/bin/../libexec/gcc/aarch64-linux-gnu/7.5.0/:/opt/Mrc3588/gcc-linaro-7.5.0-2019.12-x86_64_aarch64-linux-gnu/bin/../libexec/gcc/aarch64-linux-gnu/:/opt/Mrc3588/gcc-linaro-7.5.0-2019.12-x86_64_aarch64-linux-gnu/bin/../libexec/gcc/:/opt/Mrc3588/gcc-linaro-7.5.0-2019.12-x86_64_aarch64-linux-gnu/bin/../lib/gcc/aarch64-linux-gnu/7.5.0/../../../../aarch64-linux-gnu/bin/
LIBRARY_PATH=/opt/Mrc3588/gcc-linaro-7.5.0-2019.12-x86_64_aarch64-linux-gnu/bin/../lib/gcc/aarch64-linux-gnu/7.5.0/:/opt/Mrc3588/gcc-linaro-7.5.0-2019.12-x86_64_aarch64-linux-gnu/bin/../lib/gcc/aarch64-linux-gnu/:/opt/Mrc3588/gcc-linaro-7.5.0-2019.12-x86_64_aarch64-linux-gnu/bin/../lib/gcc/:/opt/Mrc3588/gcc-linaro-7.5.0-2019.12-x86_64_aarch64-linux-gnu/bin/../lib/gcc/aarch64-linux-gnu/7.5.0/../../../../aarch64-linux-gnu/lib/../lib64/:/opt/Mrc3588/gcc-linaro-7.5.0-2019.12-x86_64_aarch64-linux-gnu/bin/../lib/gcc/aarch64-linux-gnu/7.5.0/../../../../aarch64-linux-gnu/lib/:/opt/Mrc3588/gcc-linaro-7.5.0-2019.12-x86_64_aarch64-linux-gnu/bin/../aarch64-linux-gnu/libc/lib/:/opt/Mrc3588/gcc-linaro-7.5.0-2019.12-x86_64_aarch64-linux-gnu/bin/../aarch64-linux-gnu/libc/usr/lib/
COLLECT_GCC_OPTIONS='-v' '-std=gnu++14' '-o' 'CMakeFiles/cmTC_7ac53.dir/CMakeCXXCompilerABI.cpp.o' '-c' '-shared-libgcc' '-march=armv8-a' '-mlittle-endian' '-mabi=lp64'
[2/2] Linking CXX executable cmTC_7ac53
Using built-in specs.
COLLECT_GCC=/opt/Mrc3588/gcc-linaro-7.5.0-2019.12-x86_64_aarch64-linux-gnu/bin/aarch64-linux-gnu-g++
COLLECT_LTO_WRAPPER=/opt/Mrc3588/gcc-linaro-7.5.0-2019.12-x86_64_aarch64-linux-gnu/bin/../libexec/gcc/aarch64-linux-gnu/7.5.0/lto-wrapper
Target: aarch64-linux-gnu
Configured with: '/home/tcwg-buildslave/workspace/tcwg-make-release_0/snapshots/gcc.git~linaro-7.5-2019.12/configure' SHELL=/bin/bash --with-mpc=/home/tcwg-buildslave/workspace/tcwg-make-release_0/_build/builds/destdir/x86_64-unknown-linux-gnu --with-mpfr=/home/tcwg-buildslave/workspace/tcwg-make-release_0/_build/builds/destdir/x86_64-unknown-linux-gnu --with-gmp=/home/tcwg-buildslave/workspace/tcwg-make-release_0/_build/builds/destdir/x86_64-unknown-linux-gnu --with-gnu-as --with-gnu-ld --disable-libmudflap --enable-lto --enable-shared --without-included-gettext --enable-nls --with-system-zlib --disable-sjlj-exceptions --enable-gnu-unique-object --enable-linker-build-id --disable-libstdcxx-pch --enable-c99 --enable-clocale=gnu --enable-libstdcxx-debug --enable-long-long --with-cloog=no --with-ppl=no --with-isl=no --disable-multilib --enable-fix-cortex-a53-835769 --enable-fix-cortex-a53-843419 --with-arch=armv8-a --enable-threads=posix --enable-multiarch --enable-libstdcxx-time=yes --enable-gnu-indirect-function --with-build-sysroot=/home/tcwg-buildslave/workspace/tcwg-make-release_0/_build/sysroots/aarch64-linux-gnu --with-sysroot=/home/tcwg-buildslave/workspace/tcwg-make-release_0/_build/builds/destdir/x86_64-unknown-linux-gnu/aarch64-linux-gnu/libc --enable-checking=release --disable-bootstrap --enable-languages=c,c++,fortran,lto --build=x86_64-unknown-linux-gnu --host=x86_64-unknown-linux-gnu --target=aarch64-linux-gnu --prefix=/home/tcwg-buildslave/workspace/tcwg-make-release_0/_build/builds/destdir/x86_64-unknown-linux-gnu
Thread model: posix
gcc version 7.5.0 (Linaro GCC 7.5-2019.12) 
COMPILER_PATH=/opt/Mrc3588/gcc-linaro-7.5.0-2019.12-x86_64_aarch64-linux-gnu/bin/../libexec/gcc/aarch64-linux-gnu/7.5.0/:/opt/Mrc3588/gcc-linaro-7.5.0-2019.12-x86_64_aarch64-linux-gnu/bin/../libexec/gcc/aarch64-linux-gnu/:/opt/Mrc3588/gcc-linaro-7.5.0-2019.12-x86_64_aarch64-linux-gnu/bin/../libexec/gcc/:/opt/Mrc3588/gcc-linaro-7.5.0-2019.12-x86_64_aarch64-linux-gnu/bin/../lib/gcc/aarch64-linux-gnu/7.5.0/../../../../aarch64-linux-gnu/bin/
LIBRARY_PATH=/opt/Mrc3588/gcc-linaro-7.5.0-2019.12-x86_64_aarch64-linux-gnu/bin/../lib/gcc/aarch64-linux-gnu/7.5.0/:/opt/Mrc3588/gcc-linaro-7.5.0-2019.12-x86_64_aarch64-linux-gnu/bin/../lib/gcc/aarch64-linux-gnu/:/opt/Mrc3588/gcc-linaro-7.5.0-2019.12-x86_64_aarch64-linux-gnu/bin/../lib/gcc/:/opt/Mrc3588/gcc-linaro-7.5.0-2019.12-x86_64_aarch64-linux-gnu/bin/../lib/gcc/aarch64-linux-gnu/7.5.0/../../../../aarch64-linux-gnu/lib/../lib64/:/opt/Mrc3588/gcc-linaro-7.5.0-2019.12-x86_64_aarch64-linux-gnu/bin/../lib/gcc/aarch64-linux-gnu/7.5.0/../../../../aarch64-linux-gnu/lib/:/opt/Mrc3588/gcc-linaro-7.5.0-2019.12-x86_64_aarch64-linux-gnu/bin/../aarch64-linux-gnu/libc/lib/:/opt/Mrc3588/gcc-linaro-7.5.0-2019.12-x86_64_aarch64-linux-gnu/bin/../aarch64-linux-gnu/libc/usr/lib/
COLLECT_GCC_OPTIONS='-v' '-o' 'cmTC_7ac53' '-shared-libgcc' '-march=armv8-a' '-mlittle-endian' '-mabi=lp64'
 /opt/Mrc3588/gcc-linaro-7.5.0-2019.12-x86_64_aarch64-linux-gnu/bin/../libexec/gcc/aarch64-linux-gnu/7.5.0/collect2 -plugin /opt/Mrc3588/gcc-linaro-7.5.0-2019.12-x86_64_aarch64-linux-gnu/bin/../libexec/gcc/aarch64-linux-gnu/7.5.0/liblto_plugin.so -plugin-opt=/opt/Mrc3588/gcc-linaro-7.5.0-2019.12-x86_64_aarch64-linux-gnu/bin/../libexec/gcc/aarch64-linux-gnu/7.5.0/lto-wrapper -plugin-opt=-fresolution=/tmp/ccQU2jyO.res -plugin-opt=-pass-through=-lgcc_s -plugin-opt=-pass-through=-lgcc -plugin-opt=-pass-through=-lc -plugin-opt=-pass-through=-lgcc_s -plugin-opt=-pass-through=-lgcc --sysroot=/opt/Mrc3588/gcc-linaro-7.5.0-2019.12-x86_64_aarch64-linux-gnu/bin/../aarch64-linux-gnu/libc --build-id --eh-frame-hdr -dynamic-linker /lib/ld-linux-aarch64.so.1 -X -EL -maarch64linux --fix-cortex-a53-835769 --fix-cortex-a53-843419 -o cmTC_7ac53 /opt/Mrc3588/gcc-linaro-7.5.0-2019.12-x86_64_aarch64-linux-gnu/bin/../aarch64-linux-gnu/libc/usr/lib/crt1.o /opt/Mrc3588/gcc-linaro-7.5.0-2019.12-x86_64_aarch64-linux-gnu/bin/../aarch64-linux-gnu/libc/usr/lib/crti.o /opt/Mrc3588/gcc-linaro-7.5.0-2019.12-x86_64_aarch64-linux-gnu/bin/../lib/gcc/aarch64-linux-gnu/7.5.0/crtbegin.o -L/opt/Mrc3588/gcc-linaro-7.5.0-2019.12-x86_64_aarch64-linux-gnu/bin/../lib/gcc/aarch64-linux-gnu/7.5.0 -L/opt/Mrc3588/gcc-linaro-7.5.0-2019.12-x86_64_aarch64-linux-gnu/bin/../lib/gcc/aarch64-linux-gnu -L/opt/Mrc3588/gcc-linaro-7.5.0-2019.12-x86_64_aarch64-linux-gnu/bin/../lib/gcc -L/opt/Mrc3588/gcc-linaro-7.5.0-2019.12-x86_64_aarch64-linux-gnu/bin/../lib/gcc/aarch64-linux-gnu/7.5.0/../../../../aarch64-linux-gnu/lib/../lib64 -L/opt/Mrc3588/gcc-linaro-7.5.0-2019.12-x86_64_aarch64-linux-gnu/bin/../lib/gcc/aarch64-linux-gnu/7.5.0/../../../../aarch64-linux-gnu/lib -L/opt/Mrc3588/gcc-linaro-7.5.0-2019.12-x86_64_aarch64-linux-gnu/bin/../aarch64-linux-gnu/libc/lib -L/opt/Mrc3588/gcc-linaro-7.5.0-2019.12-x86_64_aarch64-linux-gnu/bin/../aarch64-linux-gnu/libc/usr/lib CMakeFiles/cmTC_7ac53.dir/CMakeCXXCompilerABI.cpp.o -lstdc++ -lm -lgcc_s -lgcc -lc -lgcc_s -lgcc /opt/Mrc3588/gcc-linaro-7.5.0-2019.12-x86_64_aarch64-linux-gnu/bin/../lib/gcc/aarch64-linux-gnu/7.5.0/crtend.o /opt/Mrc3588/gcc-linaro-7.5.0-2019.12-x86_64_aarch64-linux-gnu/bin/../aarch64-linux-gnu/libc/usr/lib/crtn.o
COLLECT_GCC_OPTIONS='-v' '-o' 'cmTC_7ac53' '-shared-libgcc' '-march=armv8-a' '-mlittle-endian' '-mabi=lp64'



Parsed CXX implicit include dir info from above output: rv=done
  found start of include info
  found start of implicit include info
    add: [/opt/Mrc3588/gcc-linaro-7.5.0-2019.12-x86_64_aarch64-linux-gnu/bin/../lib/gcc/aarch64-linux-gnu/7.5.0/../../../../aarch64-linux-gnu/include/c++/7.5.0]
    add: [/opt/Mrc3588/gcc-linaro-7.5.0-2019.12-x86_64_aarch64-linux-gnu/bin/../lib/gcc/aarch64-linux-gnu/7.5.0/../../../../aarch64-linux-gnu/include/c++/7.5.0/aarch64-linux-gnu]
    add: [/opt/Mrc3588/gcc-linaro-7.5.0-2019.12-x86_64_aarch64-linux-gnu/bin/../lib/gcc/aarch64-linux-gnu/7.5.0/../../../../aarch64-linux-gnu/include/c++/7.5.0/backward]
    add: [/opt/Mrc3588/gcc-linaro-7.5.0-2019.12-x86_64_aarch64-linux-gnu/bin/../lib/gcc/aarch64-linux-gnu/7.5.0/include]
    add: [/opt/Mrc3588/gcc-linaro-7.5.0-2019.12-x86_64_aarch64-linux-gnu/bin/../lib/gcc/aarch64-linux-gnu/7.5.0/include-fixed]
    add: [/opt/Mrc3588/gcc-linaro-7.5.0-2019.12-x86_64_aarch64-linux-gnu/bin/../lib/gcc/aarch64-linux-gnu/7.5.0/../../../../aarch64-linux-gnu/include]
    add: [/opt/Mrc3588/gcc-linaro-7.5.0-2019.12-x86_64_aarch64-linux-gnu/bin/../aarch64-linux-gnu/libc/usr/include]
  end of search list found
  collapse include dir [/opt/Mrc3588/gcc-linaro-7.5.0-2019.12-x86_64_aarch64-linux-gnu/bin/../lib/gcc/aarch64-linux-gnu/7.5.0/../../../../aarch64-linux-gnu/include/c++/7.5.0] ==> [/opt/Mrc3588/gcc-linaro-7.5.0-2019.12-x86_64_aarch64-linux-gnu/aarch64-linux-gnu/include/c++/7.5.0]
  collapse include dir [/opt/Mrc3588/gcc-linaro-7.5.0-2019.12-x86_64_aarch64-linux-gnu/bin/../lib/gcc/aarch64-linux-gnu/7.5.0/../../../../aarch64-linux-gnu/include/c++/7.5.0/aarch64-linux-gnu] ==> [/opt/Mrc3588/gcc-linaro-7.5.0-2019.12-x86_64_aarch64-linux-gnu/aarch64-linux-gnu/include/c++/7.5.0/aarch64-linux-gnu]
  collapse include dir [/opt/Mrc3588/gcc-linaro-7.5.0-2019.12-x86_64_aarch64-linux-gnu/bin/../lib/gcc/aarch64-linux-gnu/7.5.0/../../../../aarch64-linux-gnu/include/c++/7.5.0/backward] ==> [/opt/Mrc3588/gcc-linaro-7.5.0-2019.12-x86_64_aarch64-linux-gnu/aarch64-linux-gnu/include/c++/7.5.0/backward]
  collapse include dir [/opt/Mrc3588/gcc-linaro-7.5.0-2019.12-x86_64_aarch64-linux-gnu/bin/../lib/gcc/aarch64-linux-gnu/7.5.0/include] ==> [/opt/Mrc3588/gcc-linaro-7.5.0-2019.12-x86_64_aarch64-linux-gnu/lib/gcc/aarch64-linux-gnu/7.5.0/include]
  collapse include dir [/opt/Mrc3588/gcc-linaro-7.5.0-2019.12-x86_64_aarch64-linux-gnu/bin/../lib/gcc/aarch64-linux-gnu/7.5.0/include-fixed] ==> [/opt/Mrc3588/gcc-linaro-7.5.0-2019.12-x86_64_aarch64-linux-gnu/lib/gcc/aarch64-linux-gnu/7.5.0/include-fixed]
  collapse include dir [/opt/Mrc3588/gcc-linaro-7.5.0-2019.12-x86_64_aarch64-linux-gnu/bin/../lib/gcc/aarch64-linux-gnu/7.5.0/../../../../aarch64-linux-gnu/include] ==> [/opt/Mrc3588/gcc-linaro-7.5.0-2019.12-x86_64_aarch64-linux-gnu/aarch64-linux-gnu/include]
  collapse include dir [/opt/Mrc3588/gcc-linaro-7.5.0-2019.12-x86_64_aarch64-linux-gnu/bin/../aarch64-linux-gnu/libc/usr/include] ==> [/opt/Mrc3588/gcc-linaro-7.5.0-2019.12-x86_64_aarch64-linux-gnu/aarch64-linux-gnu/libc/usr/include]
  implicit include dirs: [/opt/Mrc3588/gcc-linaro-7.5.0-2019.12-x86_64_aarch64-linux-gnu/aarch64-linux-gnu/include/c++/7.5.0;/opt/Mrc3588/gcc-linaro-7.5.0-2019.12-x86_64_aarch64-linux-gnu/aarch64-linux-gnu/include/c++/7.5.0/aarch64-linux-gnu;/opt/Mrc3588/gcc-linaro-7.5.0-2019.12-x86_64_aarch64-linux-gnu/aarch64-linux-gnu/include/c++/7.5.0/backward;/opt/Mrc3588/gcc-linaro-7.5.0-2019.12-x86_64_aarch64-linux-gnu/lib/gcc/aarch64-linux-gnu/7.5.0/include;/opt/Mrc3588/gcc-linaro-7.5.0-2019.12-x86_64_aarch64-linux-gnu/lib/gcc/aarch64-linux-gnu/7.5.0/include-fixed;/opt/Mrc3588/gcc-linaro-7.5.0-2019.12-x86_64_aarch64-linux-gnu/aarch64-linux-gnu/include;/opt/Mrc3588/gcc-linaro-7.5.0-2019.12-x86_64_aarch64-linux-gnu/aarch64-linux-gnu/libc/usr/include]


Parsed CXX implicit link information from above output:
  link line regex: [^( *|.*[/\])(ld|CMAKE_LINK_STARTFILE-NOTFOUND|([^/\]+-)?ld|collect2)[^/\]*( |$)]
  ignore line: [Change Dir: /home/sft/test_new/MappingNavigation_3.0.4test/build/CMakeFiles/CMakeTmp]
  ignore line: []
  ignore line: [Run Build Command(s):/usr/bin/ninja cmTC_7ac53 && [1/2] Building CXX object CMakeFiles/cmTC_7ac53.dir/CMakeCXXCompilerABI.cpp.o]
  ignore line: [Using built-in specs.]
  ignore line: [COLLECT_GCC=/opt/Mrc3588/gcc-linaro-7.5.0-2019.12-x86_64_aarch64-linux-gnu/bin/aarch64-linux-gnu-g++]
  ignore line: [Target: aarch64-linux-gnu]
  ignore line: [Configured with: '/home/tcwg-buildslave/workspace/tcwg-make-release_0/snapshots/gcc.git~linaro-7.5-2019.12/configure' SHELL=/bin/bash --with-mpc=/home/tcwg-buildslave/workspace/tcwg-make-release_0/_build/builds/destdir/x86_64-unknown-linux-gnu --with-mpfr=/home/tcwg-buildslave/workspace/tcwg-make-release_0/_build/builds/destdir/x86_64-unknown-linux-gnu --with-gmp=/home/tcwg-buildslave/workspace/tcwg-make-release_0/_build/builds/destdir/x86_64-unknown-linux-gnu --with-gnu-as --with-gnu-ld --disable-libmudflap --enable-lto --enable-shared --without-included-gettext --enable-nls --with-system-zlib --disable-sjlj-exceptions --enable-gnu-unique-object --enable-linker-build-id --disable-libstdcxx-pch --enable-c99 --enable-clocale=gnu --enable-libstdcxx-debug --enable-long-long --with-cloog=no --with-ppl=no --with-isl=no --disable-multilib --enable-fix-cortex-a53-835769 --enable-fix-cortex-a53-843419 --with-arch=armv8-a --enable-threads=posix --enable-multiarch --enable-libstdcxx-time=yes --enable-gnu-indirect-function --with-build-sysroot=/home/tcwg-buildslave/workspace/tcwg-make-release_0/_build/sysroots/aarch64-linux-gnu --with-sysroot=/home/tcwg-buildslave/workspace/tcwg-make-release_0/_build/builds/destdir/x86_64-unknown-linux-gnu/aarch64-linux-gnu/libc --enable-checking=release --disable-bootstrap --enable-languages=c,c++,fortran,lto --build=x86_64-unknown-linux-gnu --host=x86_64-unknown-linux-gnu --target=aarch64-linux-gnu --prefix=/home/tcwg-buildslave/workspace/tcwg-make-release_0/_build/builds/destdir/x86_64-unknown-linux-gnu]
  ignore line: [Thread model: posix]
  ignore line: [gcc version 7.5.0 (Linaro GCC 7.5-2019.12) ]
  ignore line: [COLLECT_GCC_OPTIONS='-v' '-std=gnu++14' '-o' 'CMakeFiles/cmTC_7ac53.dir/CMakeCXXCompilerABI.cpp.o' '-c' '-shared-libgcc' '-march=armv8-a' '-mlittle-endian' '-mabi=lp64']
  ignore line: [ /opt/Mrc3588/gcc-linaro-7.5.0-2019.12-x86_64_aarch64-linux-gnu/bin/../libexec/gcc/aarch64-linux-gnu/7.5.0/cc1plus -quiet -v -imultiarch aarch64-linux-gnu -iprefix /opt/Mrc3588/gcc-linaro-7.5.0-2019.12-x86_64_aarch64-linux-gnu/bin/../lib/gcc/aarch64-linux-gnu/7.5.0/ -isysroot /opt/Mrc3588/gcc-linaro-7.5.0-2019.12-x86_64_aarch64-linux-gnu/bin/../aarch64-linux-gnu/libc -D_GNU_SOURCE /usr/share/cmake-3.16/Modules/CMakeCXXCompilerABI.cpp -quiet -dumpbase CMakeCXXCompilerABI.cpp -march=armv8-a -mlittle-endian -mabi=lp64 -auxbase-strip CMakeFiles/cmTC_7ac53.dir/CMakeCXXCompilerABI.cpp.o -std=gnu++14 -version -o /tmp/ccy4gokA.s]
  ignore line: [GNU C++14 (Linaro GCC 7.5-2019.12) version 7.5.0 (aarch64-linux-gnu)]
  ignore line: [	compiled by GNU C version 4.8.4  GMP version 6.1.2  MPFR version 3.1.5  MPC version 1.0.3  isl version none]
  ignore line: [GGC heuristics: --param ggc-min-expand=100 --param ggc-min-heapsize=131072]
  ignore line: [ignoring duplicate directory "/opt/Mrc3588/gcc-linaro-7.5.0-2019.12-x86_64_aarch64-linux-gnu/bin/../lib/gcc/../../lib/gcc/aarch64-linux-gnu/7.5.0/../../../../aarch64-linux-gnu/include/c++/7.5.0"]
  ignore line: [ignoring duplicate directory "/opt/Mrc3588/gcc-linaro-7.5.0-2019.12-x86_64_aarch64-linux-gnu/bin/../lib/gcc/../../lib/gcc/aarch64-linux-gnu/7.5.0/../../../../aarch64-linux-gnu/include/c++/7.5.0/aarch64-linux-gnu"]
  ignore line: [ignoring duplicate directory "/opt/Mrc3588/gcc-linaro-7.5.0-2019.12-x86_64_aarch64-linux-gnu/bin/../lib/gcc/../../lib/gcc/aarch64-linux-gnu/7.5.0/../../../../aarch64-linux-gnu/include/c++/7.5.0/backward"]
  ignore line: [ignoring duplicate directory "/opt/Mrc3588/gcc-linaro-7.5.0-2019.12-x86_64_aarch64-linux-gnu/bin/../lib/gcc/../../lib/gcc/aarch64-linux-gnu/7.5.0/include"]
  ignore line: [ignoring nonexistent directory "/opt/Mrc3588/gcc-linaro-7.5.0-2019.12-x86_64_aarch64-linux-gnu/bin/../aarch64-linux-gnu/libc/usr/local/include/aarch64-linux-gnu"]
  ignore line: [ignoring nonexistent directory "/opt/Mrc3588/gcc-linaro-7.5.0-2019.12-x86_64_aarch64-linux-gnu/bin/../aarch64-linux-gnu/libc/usr/local/include"]
  ignore line: [ignoring duplicate directory "/opt/Mrc3588/gcc-linaro-7.5.0-2019.12-x86_64_aarch64-linux-gnu/bin/../lib/gcc/../../lib/gcc/aarch64-linux-gnu/7.5.0/include-fixed"]
  ignore line: [ignoring duplicate directory "/opt/Mrc3588/gcc-linaro-7.5.0-2019.12-x86_64_aarch64-linux-gnu/bin/../lib/gcc/../../lib/gcc/aarch64-linux-gnu/7.5.0/../../../../aarch64-linux-gnu/include"]
  ignore line: [ignoring nonexistent directory "/opt/Mrc3588/gcc-linaro-7.5.0-2019.12-x86_64_aarch64-linux-gnu/bin/../aarch64-linux-gnu/libc/usr/include/aarch64-linux-gnu"]
  ignore line: [#include "..." search starts here:]
  ignore line: [#include <...> search starts here:]
  ignore line: [ /opt/Mrc3588/gcc-linaro-7.5.0-2019.12-x86_64_aarch64-linux-gnu/bin/../lib/gcc/aarch64-linux-gnu/7.5.0/../../../../aarch64-linux-gnu/include/c++/7.5.0]
  ignore line: [ /opt/Mrc3588/gcc-linaro-7.5.0-2019.12-x86_64_aarch64-linux-gnu/bin/../lib/gcc/aarch64-linux-gnu/7.5.0/../../../../aarch64-linux-gnu/include/c++/7.5.0/aarch64-linux-gnu]
  ignore line: [ /opt/Mrc3588/gcc-linaro-7.5.0-2019.12-x86_64_aarch64-linux-gnu/bin/../lib/gcc/aarch64-linux-gnu/7.5.0/../../../../aarch64-linux-gnu/include/c++/7.5.0/backward]
  ignore line: [ /opt/Mrc3588/gcc-linaro-7.5.0-2019.12-x86_64_aarch64-linux-gnu/bin/../lib/gcc/aarch64-linux-gnu/7.5.0/include]
  ignore line: [ /opt/Mrc3588/gcc-linaro-7.5.0-2019.12-x86_64_aarch64-linux-gnu/bin/../lib/gcc/aarch64-linux-gnu/7.5.0/include-fixed]
  ignore line: [ /opt/Mrc3588/gcc-linaro-7.5.0-2019.12-x86_64_aarch64-linux-gnu/bin/../lib/gcc/aarch64-linux-gnu/7.5.0/../../../../aarch64-linux-gnu/include]
  ignore line: [ /opt/Mrc3588/gcc-linaro-7.5.0-2019.12-x86_64_aarch64-linux-gnu/bin/../aarch64-linux-gnu/libc/usr/include]
  ignore line: [End of search list.]
  ignore line: [GNU C++14 (Linaro GCC 7.5-2019.12) version 7.5.0 (aarch64-linux-gnu)]
  ignore line: [	compiled by GNU C version 4.8.4  GMP version 6.1.2  MPFR version 3.1.5  MPC version 1.0.3  isl version none]
  ignore line: [GGC heuristics: --param ggc-min-expand=100 --param ggc-min-heapsize=131072]
  ignore line: [Compiler executable checksum: 966bcc360f46d7d0bf38230662fdbbf8]
  ignore line: [COLLECT_GCC_OPTIONS='-v' '-std=gnu++14' '-o' 'CMakeFiles/cmTC_7ac53.dir/CMakeCXXCompilerABI.cpp.o' '-c' '-shared-libgcc' '-march=armv8-a' '-mlittle-endian' '-mabi=lp64']
  ignore line: [ /opt/Mrc3588/gcc-linaro-7.5.0-2019.12-x86_64_aarch64-linux-gnu/bin/../lib/gcc/aarch64-linux-gnu/7.5.0/../../../../aarch64-linux-gnu/bin/as -v -EL -march=armv8-a -mabi=lp64 -o CMakeFiles/cmTC_7ac53.dir/CMakeCXXCompilerABI.cpp.o /tmp/ccy4gokA.s]
  ignore line: [GNU assembler version 2.28.2 (aarch64-linux-gnu) using BFD version (Linaro_Binutils-2019.12) 2.28.2.20170706]
  ignore line: [COMPILER_PATH=/opt/Mrc3588/gcc-linaro-7.5.0-2019.12-x86_64_aarch64-linux-gnu/bin/../libexec/gcc/aarch64-linux-gnu/7.5.0/:/opt/Mrc3588/gcc-linaro-7.5.0-2019.12-x86_64_aarch64-linux-gnu/bin/../libexec/gcc/aarch64-linux-gnu/:/opt/Mrc3588/gcc-linaro-7.5.0-2019.12-x86_64_aarch64-linux-gnu/bin/../libexec/gcc/:/opt/Mrc3588/gcc-linaro-7.5.0-2019.12-x86_64_aarch64-linux-gnu/bin/../lib/gcc/aarch64-linux-gnu/7.5.0/../../../../aarch64-linux-gnu/bin/]
  ignore line: [LIBRARY_PATH=/opt/Mrc3588/gcc-linaro-7.5.0-2019.12-x86_64_aarch64-linux-gnu/bin/../lib/gcc/aarch64-linux-gnu/7.5.0/:/opt/Mrc3588/gcc-linaro-7.5.0-2019.12-x86_64_aarch64-linux-gnu/bin/../lib/gcc/aarch64-linux-gnu/:/opt/Mrc3588/gcc-linaro-7.5.0-2019.12-x86_64_aarch64-linux-gnu/bin/../lib/gcc/:/opt/Mrc3588/gcc-linaro-7.5.0-2019.12-x86_64_aarch64-linux-gnu/bin/../lib/gcc/aarch64-linux-gnu/7.5.0/../../../../aarch64-linux-gnu/lib/../lib64/:/opt/Mrc3588/gcc-linaro-7.5.0-2019.12-x86_64_aarch64-linux-gnu/bin/../lib/gcc/aarch64-linux-gnu/7.5.0/../../../../aarch64-linux-gnu/lib/:/opt/Mrc3588/gcc-linaro-7.5.0-2019.12-x86_64_aarch64-linux-gnu/bin/../aarch64-linux-gnu/libc/lib/:/opt/Mrc3588/gcc-linaro-7.5.0-2019.12-x86_64_aarch64-linux-gnu/bin/../aarch64-linux-gnu/libc/usr/lib/]
  ignore line: [COLLECT_GCC_OPTIONS='-v' '-std=gnu++14' '-o' 'CMakeFiles/cmTC_7ac53.dir/CMakeCXXCompilerABI.cpp.o' '-c' '-shared-libgcc' '-march=armv8-a' '-mlittle-endian' '-mabi=lp64']
  ignore line: [[2/2] Linking CXX executable cmTC_7ac53]
  ignore line: [Using built-in specs.]
  ignore line: [COLLECT_GCC=/opt/Mrc3588/gcc-linaro-7.5.0-2019.12-x86_64_aarch64-linux-gnu/bin/aarch64-linux-gnu-g++]
  ignore line: [COLLECT_LTO_WRAPPER=/opt/Mrc3588/gcc-linaro-7.5.0-2019.12-x86_64_aarch64-linux-gnu/bin/../libexec/gcc/aarch64-linux-gnu/7.5.0/lto-wrapper]
  ignore line: [Target: aarch64-linux-gnu]
  ignore line: [Configured with: '/home/tcwg-buildslave/workspace/tcwg-make-release_0/snapshots/gcc.git~linaro-7.5-2019.12/configure' SHELL=/bin/bash --with-mpc=/home/tcwg-buildslave/workspace/tcwg-make-release_0/_build/builds/destdir/x86_64-unknown-linux-gnu --with-mpfr=/home/tcwg-buildslave/workspace/tcwg-make-release_0/_build/builds/destdir/x86_64-unknown-linux-gnu --with-gmp=/home/tcwg-buildslave/workspace/tcwg-make-release_0/_build/builds/destdir/x86_64-unknown-linux-gnu --with-gnu-as --with-gnu-ld --disable-libmudflap --enable-lto --enable-shared --without-included-gettext --enable-nls --with-system-zlib --disable-sjlj-exceptions --enable-gnu-unique-object --enable-linker-build-id --disable-libstdcxx-pch --enable-c99 --enable-clocale=gnu --enable-libstdcxx-debug --enable-long-long --with-cloog=no --with-ppl=no --with-isl=no --disable-multilib --enable-fix-cortex-a53-835769 --enable-fix-cortex-a53-843419 --with-arch=armv8-a --enable-threads=posix --enable-multiarch --enable-libstdcxx-time=yes --enable-gnu-indirect-function --with-build-sysroot=/home/tcwg-buildslave/workspace/tcwg-make-release_0/_build/sysroots/aarch64-linux-gnu --with-sysroot=/home/tcwg-buildslave/workspace/tcwg-make-release_0/_build/builds/destdir/x86_64-unknown-linux-gnu/aarch64-linux-gnu/libc --enable-checking=release --disable-bootstrap --enable-languages=c,c++,fortran,lto --build=x86_64-unknown-linux-gnu --host=x86_64-unknown-linux-gnu --target=aarch64-linux-gnu --prefix=/home/tcwg-buildslave/workspace/tcwg-make-release_0/_build/builds/destdir/x86_64-unknown-linux-gnu]
  ignore line: [Thread model: posix]
  ignore line: [gcc version 7.5.0 (Linaro GCC 7.5-2019.12) ]
  ignore line: [COMPILER_PATH=/opt/Mrc3588/gcc-linaro-7.5.0-2019.12-x86_64_aarch64-linux-gnu/bin/../libexec/gcc/aarch64-linux-gnu/7.5.0/:/opt/Mrc3588/gcc-linaro-7.5.0-2019.12-x86_64_aarch64-linux-gnu/bin/../libexec/gcc/aarch64-linux-gnu/:/opt/Mrc3588/gcc-linaro-7.5.0-2019.12-x86_64_aarch64-linux-gnu/bin/../libexec/gcc/:/opt/Mrc3588/gcc-linaro-7.5.0-2019.12-x86_64_aarch64-linux-gnu/bin/../lib/gcc/aarch64-linux-gnu/7.5.0/../../../../aarch64-linux-gnu/bin/]
  ignore line: [LIBRARY_PATH=/opt/Mrc3588/gcc-linaro-7.5.0-2019.12-x86_64_aarch64-linux-gnu/bin/../lib/gcc/aarch64-linux-gnu/7.5.0/:/opt/Mrc3588/gcc-linaro-7.5.0-2019.12-x86_64_aarch64-linux-gnu/bin/../lib/gcc/aarch64-linux-gnu/:/opt/Mrc3588/gcc-linaro-7.5.0-2019.12-x86_64_aarch64-linux-gnu/bin/../lib/gcc/:/opt/Mrc3588/gcc-linaro-7.5.0-2019.12-x86_64_aarch64-linux-gnu/bin/../lib/gcc/aarch64-linux-gnu/7.5.0/../../../../aarch64-linux-gnu/lib/../lib64/:/opt/Mrc3588/gcc-linaro-7.5.0-2019.12-x86_64_aarch64-linux-gnu/bin/../lib/gcc/aarch64-linux-gnu/7.5.0/../../../../aarch64-linux-gnu/lib/:/opt/Mrc3588/gcc-linaro-7.5.0-2019.12-x86_64_aarch64-linux-gnu/bin/../aarch64-linux-gnu/libc/lib/:/opt/Mrc3588/gcc-linaro-7.5.0-2019.12-x86_64_aarch64-linux-gnu/bin/../aarch64-linux-gnu/libc/usr/lib/]
  ignore line: [COLLECT_GCC_OPTIONS='-v' '-o' 'cmTC_7ac53' '-shared-libgcc' '-march=armv8-a' '-mlittle-endian' '-mabi=lp64']
  link line: [ /opt/Mrc3588/gcc-linaro-7.5.0-2019.12-x86_64_aarch64-linux-gnu/bin/../libexec/gcc/aarch64-linux-gnu/7.5.0/collect2 -plugin /opt/Mrc3588/gcc-linaro-7.5.0-2019.12-x86_64_aarch64-linux-gnu/bin/../libexec/gcc/aarch64-linux-gnu/7.5.0/liblto_plugin.so -plugin-opt=/opt/Mrc3588/gcc-linaro-7.5.0-2019.12-x86_64_aarch64-linux-gnu/bin/../libexec/gcc/aarch64-linux-gnu/7.5.0/lto-wrapper -plugin-opt=-fresolution=/tmp/ccQU2jyO.res -plugin-opt=-pass-through=-lgcc_s -plugin-opt=-pass-through=-lgcc -plugin-opt=-pass-through=-lc -plugin-opt=-pass-through=-lgcc_s -plugin-opt=-pass-through=-lgcc --sysroot=/opt/Mrc3588/gcc-linaro-7.5.0-2019.12-x86_64_aarch64-linux-gnu/bin/../aarch64-linux-gnu/libc --build-id --eh-frame-hdr -dynamic-linker /lib/ld-linux-aarch64.so.1 -X -EL -maarch64linux --fix-cortex-a53-835769 --fix-cortex-a53-843419 -o cmTC_7ac53 /opt/Mrc3588/gcc-linaro-7.5.0-2019.12-x86_64_aarch64-linux-gnu/bin/../aarch64-linux-gnu/libc/usr/lib/crt1.o /opt/Mrc3588/gcc-linaro-7.5.0-2019.12-x86_64_aarch64-linux-gnu/bin/../aarch64-linux-gnu/libc/usr/lib/crti.o /opt/Mrc3588/gcc-linaro-7.5.0-2019.12-x86_64_aarch64-linux-gnu/bin/../lib/gcc/aarch64-linux-gnu/7.5.0/crtbegin.o -L/opt/Mrc3588/gcc-linaro-7.5.0-2019.12-x86_64_aarch64-linux-gnu/bin/../lib/gcc/aarch64-linux-gnu/7.5.0 -L/opt/Mrc3588/gcc-linaro-7.5.0-2019.12-x86_64_aarch64-linux-gnu/bin/../lib/gcc/aarch64-linux-gnu -L/opt/Mrc3588/gcc-linaro-7.5.0-2019.12-x86_64_aarch64-linux-gnu/bin/../lib/gcc -L/opt/Mrc3588/gcc-linaro-7.5.0-2019.12-x86_64_aarch64-linux-gnu/bin/../lib/gcc/aarch64-linux-gnu/7.5.0/../../../../aarch64-linux-gnu/lib/../lib64 -L/opt/Mrc3588/gcc-linaro-7.5.0-2019.12-x86_64_aarch64-linux-gnu/bin/../lib/gcc/aarch64-linux-gnu/7.5.0/../../../../aarch64-linux-gnu/lib -L/opt/Mrc3588/gcc-linaro-7.5.0-2019.12-x86_64_aarch64-linux-gnu/bin/../aarch64-linux-gnu/libc/lib -L/opt/Mrc3588/gcc-linaro-7.5.0-2019.12-x86_64_aarch64-linux-gnu/bin/../aarch64-linux-gnu/libc/usr/lib CMakeFiles/cmTC_7ac53.dir/CMakeCXXCompilerABI.cpp.o -lstdc++ -lm -lgcc_s -lgcc -lc -lgcc_s -lgcc /opt/Mrc3588/gcc-linaro-7.5.0-2019.12-x86_64_aarch64-linux-gnu/bin/../lib/gcc/aarch64-linux-gnu/7.5.0/crtend.o /opt/Mrc3588/gcc-linaro-7.5.0-2019.12-x86_64_aarch64-linux-gnu/bin/../aarch64-linux-gnu/libc/usr/lib/crtn.o]
    arg [/opt/Mrc3588/gcc-linaro-7.5.0-2019.12-x86_64_aarch64-linux-gnu/bin/../libexec/gcc/aarch64-linux-gnu/7.5.0/collect2] ==> ignore
    arg [-plugin] ==> ignore
    arg [/opt/Mrc3588/gcc-linaro-7.5.0-2019.12-x86_64_aarch64-linux-gnu/bin/../libexec/gcc/aarch64-linux-gnu/7.5.0/liblto_plugin.so] ==> ignore
    arg [-plugin-opt=/opt/Mrc3588/gcc-linaro-7.5.0-2019.12-x86_64_aarch64-linux-gnu/bin/../libexec/gcc/aarch64-linux-gnu/7.5.0/lto-wrapper] ==> ignore
    arg [-plugin-opt=-fresolution=/tmp/ccQU2jyO.res] ==> ignore
    arg [-plugin-opt=-pass-through=-lgcc_s] ==> ignore
    arg [-plugin-opt=-pass-through=-lgcc] ==> ignore
    arg [-plugin-opt=-pass-through=-lc] ==> ignore
    arg [-plugin-opt=-pass-through=-lgcc_s] ==> ignore
    arg [-plugin-opt=-pass-through=-lgcc] ==> ignore
    arg [--sysroot=/opt/Mrc3588/gcc-linaro-7.5.0-2019.12-x86_64_aarch64-linux-gnu/bin/../aarch64-linux-gnu/libc] ==> ignore
    arg [--build-id] ==> ignore
    arg [--eh-frame-hdr] ==> ignore
    arg [-dynamic-linker] ==> ignore
    arg [/lib/ld-linux-aarch64.so.1] ==> ignore
    arg [-X] ==> ignore
    arg [-EL] ==> ignore
    arg [-maarch64linux] ==> ignore
    arg [--fix-cortex-a53-835769] ==> ignore
    arg [--fix-cortex-a53-843419] ==> ignore
    arg [-o] ==> ignore
    arg [cmTC_7ac53] ==> ignore
    arg [/opt/Mrc3588/gcc-linaro-7.5.0-2019.12-x86_64_aarch64-linux-gnu/bin/../aarch64-linux-gnu/libc/usr/lib/crt1.o] ==> ignore
    arg [/opt/Mrc3588/gcc-linaro-7.5.0-2019.12-x86_64_aarch64-linux-gnu/bin/../aarch64-linux-gnu/libc/usr/lib/crti.o] ==> ignore
    arg [/opt/Mrc3588/gcc-linaro-7.5.0-2019.12-x86_64_aarch64-linux-gnu/bin/../lib/gcc/aarch64-linux-gnu/7.5.0/crtbegin.o] ==> ignore
    arg [-L/opt/Mrc3588/gcc-linaro-7.5.0-2019.12-x86_64_aarch64-linux-gnu/bin/../lib/gcc/aarch64-linux-gnu/7.5.0] ==> dir [/opt/Mrc3588/gcc-linaro-7.5.0-2019.12-x86_64_aarch64-linux-gnu/bin/../lib/gcc/aarch64-linux-gnu/7.5.0]
    arg [-L/opt/Mrc3588/gcc-linaro-7.5.0-2019.12-x86_64_aarch64-linux-gnu/bin/../lib/gcc/aarch64-linux-gnu] ==> dir [/opt/Mrc3588/gcc-linaro-7.5.0-2019.12-x86_64_aarch64-linux-gnu/bin/../lib/gcc/aarch64-linux-gnu]
    arg [-L/opt/Mrc3588/gcc-linaro-7.5.0-2019.12-x86_64_aarch64-linux-gnu/bin/../lib/gcc] ==> dir [/opt/Mrc3588/gcc-linaro-7.5.0-2019.12-x86_64_aarch64-linux-gnu/bin/../lib/gcc]
    arg [-L/opt/Mrc3588/gcc-linaro-7.5.0-2019.12-x86_64_aarch64-linux-gnu/bin/../lib/gcc/aarch64-linux-gnu/7.5.0/../../../../aarch64-linux-gnu/lib/../lib64] ==> dir [/opt/Mrc3588/gcc-linaro-7.5.0-2019.12-x86_64_aarch64-linux-gnu/bin/../lib/gcc/aarch64-linux-gnu/7.5.0/../../../../aarch64-linux-gnu/lib/../lib64]
    arg [-L/opt/Mrc3588/gcc-linaro-7.5.0-2019.12-x86_64_aarch64-linux-gnu/bin/../lib/gcc/aarch64-linux-gnu/7.5.0/../../../../aarch64-linux-gnu/lib] ==> dir [/opt/Mrc3588/gcc-linaro-7.5.0-2019.12-x86_64_aarch64-linux-gnu/bin/../lib/gcc/aarch64-linux-gnu/7.5.0/../../../../aarch64-linux-gnu/lib]
    arg [-L/opt/Mrc3588/gcc-linaro-7.5.0-2019.12-x86_64_aarch64-linux-gnu/bin/../aarch64-linux-gnu/libc/lib] ==> dir [/opt/Mrc3588/gcc-linaro-7.5.0-2019.12-x86_64_aarch64-linux-gnu/bin/../aarch64-linux-gnu/libc/lib]
    arg [-L/opt/Mrc3588/gcc-linaro-7.5.0-2019.12-x86_64_aarch64-linux-gnu/bin/../aarch64-linux-gnu/libc/usr/lib] ==> dir [/opt/Mrc3588/gcc-linaro-7.5.0-2019.12-x86_64_aarch64-linux-gnu/bin/../aarch64-linux-gnu/libc/usr/lib]
    arg [CMakeFiles/cmTC_7ac53.dir/CMakeCXXCompilerABI.cpp.o] ==> ignore
    arg [-lstdc++] ==> lib [stdc++]
    arg [-lm] ==> lib [m]
    arg [-lgcc_s] ==> lib [gcc_s]
    arg [-lgcc] ==> lib [gcc]
    arg [-lc] ==> lib [c]
    arg [-lgcc_s] ==> lib [gcc_s]
    arg [-lgcc] ==> lib [gcc]
    arg [/opt/Mrc3588/gcc-linaro-7.5.0-2019.12-x86_64_aarch64-linux-gnu/bin/../lib/gcc/aarch64-linux-gnu/7.5.0/crtend.o] ==> ignore
    arg [/opt/Mrc3588/gcc-linaro-7.5.0-2019.12-x86_64_aarch64-linux-gnu/bin/../aarch64-linux-gnu/libc/usr/lib/crtn.o] ==> ignore
  collapse library dir [/opt/Mrc3588/gcc-linaro-7.5.0-2019.12-x86_64_aarch64-linux-gnu/bin/../lib/gcc/aarch64-linux-gnu/7.5.0] ==> [/opt/Mrc3588/gcc-linaro-7.5.0-2019.12-x86_64_aarch64-linux-gnu/lib/gcc/aarch64-linux-gnu/7.5.0]
  collapse library dir [/opt/Mrc3588/gcc-linaro-7.5.0-2019.12-x86_64_aarch64-linux-gnu/bin/../lib/gcc/aarch64-linux-gnu] ==> [/opt/Mrc3588/gcc-linaro-7.5.0-2019.12-x86_64_aarch64-linux-gnu/lib/gcc/aarch64-linux-gnu]
  collapse library dir [/opt/Mrc3588/gcc-linaro-7.5.0-2019.12-x86_64_aarch64-linux-gnu/bin/../lib/gcc] ==> [/opt/Mrc3588/gcc-linaro-7.5.0-2019.12-x86_64_aarch64-linux-gnu/lib/gcc]
  collapse library dir [/opt/Mrc3588/gcc-linaro-7.5.0-2019.12-x86_64_aarch64-linux-gnu/bin/../lib/gcc/aarch64-linux-gnu/7.5.0/../../../../aarch64-linux-gnu/lib/../lib64] ==> [/opt/Mrc3588/gcc-linaro-7.5.0-2019.12-x86_64_aarch64-linux-gnu/aarch64-linux-gnu/lib64]
  collapse library dir [/opt/Mrc3588/gcc-linaro-7.5.0-2019.12-x86_64_aarch64-linux-gnu/bin/../lib/gcc/aarch64-linux-gnu/7.5.0/../../../../aarch64-linux-gnu/lib] ==> [/opt/Mrc3588/gcc-linaro-7.5.0-2019.12-x86_64_aarch64-linux-gnu/aarch64-linux-gnu/lib]
  collapse library dir [/opt/Mrc3588/gcc-linaro-7.5.0-2019.12-x86_64_aarch64-linux-gnu/bin/../aarch64-linux-gnu/libc/lib] ==> [/opt/Mrc3588/gcc-linaro-7.5.0-2019.12-x86_64_aarch64-linux-gnu/aarch64-linux-gnu/libc/lib]
  collapse library dir [/opt/Mrc3588/gcc-linaro-7.5.0-2019.12-x86_64_aarch64-linux-gnu/bin/../aarch64-linux-gnu/libc/usr/lib] ==> [/opt/Mrc3588/gcc-linaro-7.5.0-2019.12-x86_64_aarch64-linux-gnu/aarch64-linux-gnu/libc/usr/lib]
  implicit libs: [stdc++;m;gcc_s;gcc;c;gcc_s;gcc]
  implicit dirs: [/opt/Mrc3588/gcc-linaro-7.5.0-2019.12-x86_64_aarch64-linux-gnu/lib/gcc/aarch64-linux-gnu/7.5.0;/opt/Mrc3588/gcc-linaro-7.5.0-2019.12-x86_64_aarch64-linux-gnu/lib/gcc/aarch64-linux-gnu;/opt/Mrc3588/gcc-linaro-7.5.0-2019.12-x86_64_aarch64-linux-gnu/lib/gcc;/opt/Mrc3588/gcc-linaro-7.5.0-2019.12-x86_64_aarch64-linux-gnu/aarch64-linux-gnu/lib64;/opt/Mrc3588/gcc-linaro-7.5.0-2019.12-x86_64_aarch64-linux-gnu/aarch64-linux-gnu/lib;/opt/Mrc3588/gcc-linaro-7.5.0-2019.12-x86_64_aarch64-linux-gnu/aarch64-linux-gnu/libc/lib;/opt/Mrc3588/gcc-linaro-7.5.0-2019.12-x86_64_aarch64-linux-gnu/aarch64-linux-gnu/libc/usr/lib]
  implicit fwks: []


